13:01:41 **** Incremental Build of configuration Debug for project Emulation Project ****
make -k all 
Building target: Emulation Project
Invoking: GCC C++ Linker
g++  -o "Emulation Project"  ./src/CEmulation.o ./src/CException.o ./src/CPhysicalConnection.o ./src/CPhysicalConnectionsHandler.o ./src/Emulation\ Project.o   
Finished building target: Emulation Project
 
13:01:50 **** Incremental Build of configuration Debug for project Emulation Project ****
make -k all 
make: Nothing to be done for `all'.
13:01:51 **** Incremental Build of configuration Debug for project test ****
make all 
make: Nothing to be done for `all'.
13:21:16 **** Incremental Build of configuration Debug for project Emulation Project ****
make -k all 
Building file: ../src/CPhysicalConnectionsHandler.cpp
Invoking: GCC C++ Compiler
g++ -O0 -g3 -Wall -c -fmessage-length=0 -MMD -MP -MF"src/CPhysicalConnectionsHandler.d" -MT"src/CPhysicalConnectionsHandler.d" -o "src/CPhysicalConnectionsHandler.o" "../src/CPhysicalConnectionsHandler.cpp"
Finished building: ../src/CPhysicalConnectionsHandler.cpp
 
Building file: ../src/Emulation Project.cpp
Invoking: GCC C++ Compiler
g++ -O0 -g3 -Wall -c -fmessage-length=0 -MMD -MP -MF"src/Emulation Project.d" -MT"src/Emulation\ Project.d" -o "src/Emulation Project.o" "../src/Emulation Project.cpp"
Finished building: ../src/Emulation Project.cpp
 
Building target: Emulation Project
Invoking: GCC C++ Linker
g++  -o "Emulation Project"  ./src/CEmulation.o ./src/CException.o ./src/CPhysicalConnection.o ./src/CPhysicalConnectionsHandler.o ./src/Emulation\ Project.o   
Finished building target: Emulation Project
 
13:21:17 **** Incremental Build of configuration Debug for project test ****
make all 
make: Nothing to be done for `all'.
13:21:25 **** Incremental Build of configuration Debug for project Emulation Project ****
make -k all 
make: Nothing to be done for `all'.
13:21:25 **** Incremental Build of configuration Debug for project test ****
make all 
make: Nothing to be done for `all'.
13:22:07 **** Incremental Build of configuration Debug for project Emulation Project ****
make -k all 
Building file: ../src/CPhysicalConnectionsHandler.cpp
Invoking: GCC C++ Compiler
g++ -O0 -g3 -Wall -c -fmessage-length=0 -MMD -MP -MF"src/CPhysicalConnectionsHandler.d" -MT"src/CPhysicalConnectionsHandler.d" -o "src/CPhysicalConnectionsHandler.o" "../src/CPhysicalConnectionsHandler.cpp"
Finished building: ../src/CPhysicalConnectionsHandler.cpp
 
Building target: Emulation Project
Invoking: GCC C++ Linker
g++  -o "Emulation Project"  ./src/CEmulation.o ./src/CException.o ./src/CPhysicalConnection.o ./src/CPhysicalConnectionsHandler.o ./src/Emulation\ Project.o   
Finished building target: Emulation Project
 
14:42:50 **** Incremental Build of configuration Debug for project Emulation Project ****
make -k all 
Building file: ../src/CEmulation.cpp
Invoking: GCC C++ Compiler
g++ -O0 -g3 -Wall -c -fmessage-length=0 -MMD -MP -MF"src/CEmulation.d" -MT"src/CEmulation.d" -o "src/CEmulation.o" "../src/CEmulation.cpp"
Finished building: ../src/CEmulation.cpp
 
Building file: ../src/CException.cpp
Invoking: GCC C++ Compiler
g++ -O0 -g3 -Wall -c -fmessage-length=0 -MMD -MP -MF"src/CException.d" -MT"src/CException.d" -o "src/CException.o" "../src/CException.cpp"
../src/CException.cpp:20:52: error: ‘virtual’ outside class declaration
../src/CException.cpp: In member function ‘virtual const char* CException::what() const’:
Building file: ../src/CPhysicalConnectionsHandler.cpp
../src/CException.cpp:22:9: error: cannot convert ‘const string {aka const std::basic_string<char>}’ to ‘const char*’ in return
Invoking: GCC C++ Compiler
../src/CException.cpp:23:1: warning: control reaches end of non-void function [-Wreturn-type]
make: *** [src/CException.o] Error 1
g++ -O0 -g3 -Wall -c -fmessage-length=0 -MMD -MP -MF"src/CPhysicalConnectionsHandler.d" -MT"src/CPhysicalConnectionsHandler.d" -o "src/CPhysicalConnectionsHandler.o" "../src/CPhysicalConnectionsHandler.cpp"
../src/CPhysicalConnectionsHandler.cpp: In member function ‘void CPhysicalConnectionsHandler::CreatePhyiscalConnections()’:
../src/CPhysicalConnectionsHandler.cpp:54:56: error: no matching function for call to ‘CException::CException(const char [34])’
Building file: ../src/Emulation Project.cpp
../src/CPhysicalConnectionsHandler.cpp:54:56: note: candidates are:
Invoking: GCC C++ Compiler
g++ -O0 -g3 -Wall -c -fmessage-length=0 -MMD -MP -MF"src/Emulation Project.d" -MT"src/Emulation\ Project.d" -o "src/Emulation Project.o" "../src/Emulation Project.cpp"
In file included from ../src/BasicIncludes.h:39:0,
                 from ../src/CPhysicalConnectionsHandler.h:10,
                 from ../src/CPhysicalConnectionsHandler.cpp:8:
../src/CException.h:18:2: note: CException::CException(std::string&)
../src/CException.h:18:2: note:   no known conversion for argument 1 from ‘const char [34]’ to ‘std::string& {aka std::basic_string<char>&}’
../src/CException.h:17:2: note: CException::CException()
../src/CException.h:17:2: note:   candidate expects 0 arguments, 1 provided
../src/CException.h:14:7: note: CException::CException(const CException&)
../src/CException.h:14:7: note:   no known conversion for argument 1 from ‘const char [34]’ to ‘const CException&’
make: *** [src/CPhysicalConnectionsHandler.o] Error 1
Finished building: ../src/Emulation Project.cpp
 
make: Target `all' not remade because of errors.
14:44:17 **** Incremental Build of configuration Debug for project Emulation Project ****
make -k all 
Building file: ../src/CEmulation.cpp
Invoking: GCC C++ Compiler
g++ -O0 -g3 -Wall -c -fmessage-length=0 -MMD -MP -MF"src/CEmulation.d" -MT"src/CEmulation.d" -o "src/CEmulation.o" "../src/CEmulation.cpp"
Finished building: ../src/CEmulation.cpp
 
Building file: ../src/CException.cpp
Invoking: GCC C++ Compiler
g++ -O0 -g3 -Wall -c -fmessage-length=0 -MMD -MP -MF"src/CException.d" -MT"src/CException.d" -o "src/CException.o" "../src/CException.cpp"
../src/CException.cpp:20:52: error: ‘virtual’ outside class declaration
../src/CException.cpp: In member function ‘virtual const char* CException::what() const’:
Building file: ../src/CPhysicalConnectionsHandler.cpp
Invoking: GCC C++ Compiler
g++ -O0 -g3 -Wall -c -fmessage-length=0 -MMD -MP -MF"src/CPhysicalConnectionsHandler.d" -MT"src/CPhysicalConnectionsHandler.d" -o "src/CPhysicalConnectionsHandler.o" "../src/CPhysicalConnectionsHandler.cpp"
../src/CException.cpp:22:9: error: cannot convert ‘const string {aka const std::basic_string<char>}’ to ‘const char*’ in return
../src/CException.cpp:23:1: warning: control reaches end of non-void function [-Wreturn-type]
make: *** [src/CException.o] Error 1
../src/CPhysicalConnectionsHandler.cpp: In member function ‘void CPhysicalConnectionsHandler::CreatePhyiscalConnections()’:
../src/CPhysicalConnectionsHandler.cpp:54:56: warning: deprecated conversion from string constant to ‘char*’ [-Wwrite-strings]
Finished building: ../src/CPhysicalConnectionsHandler.cpp
 
Building file: ../src/Emulation Project.cpp
Invoking: GCC C++ Compiler
g++ -O0 -g3 -Wall -c -fmessage-length=0 -MMD -MP -MF"src/Emulation Project.d" -MT"src/Emulation\ Project.d" -o "src/Emulation Project.o" "../src/Emulation Project.cpp"
Finished building: ../src/Emulation Project.cpp
make: Target `all' not remade because of errors.
 
14:47:53 **** Incremental Build of configuration Debug for project Emulation Project ****
make -k all 
Building file: ../src/CEmulation.cpp
Invoking: GCC C++ Compiler
g++ -O0 -g3 -Wall -c -fmessage-length=0 -MMD -MP -MF"src/CEmulation.d" -MT"src/CEmulation.d" -o "src/CEmulation.o" "../src/CEmulation.cpp"
Finished building: ../src/CEmulation.cpp
 
Building file: ../src/CException.cpp
Invoking: GCC C++ Compiler
g++ -O0 -g3 -Wall -c -fmessage-length=0 -MMD -MP -MF"src/CException.d" -MT"src/CException.d" -o "src/CException.o" "../src/CException.cpp"
../src/CException.cpp: In member function ‘virtual const char* CException::what() const’:
../src/CException.cpp:22:9: error: cannot convert ‘const string {aka const std::basic_string<char>}’ to ‘const char*’ in return
Building file: ../src/CPhysicalConnectionsHandler.cpp
../src/CException.cpp:23:1: warning: control reaches end of non-void function [-Wreturn-type]
Invoking: GCC C++ Compiler
g++ -O0 -g3 -Wall -c -fmessage-length=0 -MMD -MP -MF"src/CPhysicalConnectionsHandler.d" -MT"src/CPhysicalConnectionsHandler.d" -o "src/CPhysicalConnectionsHandler.o" "../src/CPhysicalConnectionsHandler.cpp"
make: *** [src/CException.o] Error 1
Finished building: ../src/CPhysicalConnectionsHandler.cpp
 
Building file: ../src/Emulation Project.cpp
Invoking: GCC C++ Compiler
g++ -O0 -g3 -Wall -c -fmessage-length=0 -MMD -MP -MF"src/Emulation Project.d" -MT"src/Emulation\ Project.d" -o "src/Emulation Project.o" "../src/Emulation Project.cpp"
Finished building: ../src/Emulation Project.cpp
 
make: Target `all' not remade because of errors.
14:48:08 **** Incremental Build of configuration Debug for project Emulation Project ****
make -k all 
Building file: ../src/CException.cpp
Invoking: GCC C++ Compiler
g++ -O0 -g3 -Wall -c -fmessage-length=0 -MMD -MP -MF"src/CException.d" -MT"src/CException.d" -o "src/CException.o" "../src/CException.cpp"
Finished building: ../src/CException.cpp
 
Building target: Emulation Project
Invoking: GCC C++ Linker
g++  -o "Emulation Project"  ./src/CEmulation.o ./src/CException.o ./src/CPhysicalConnection.o ./src/CPhysicalConnectionsHandler.o ./src/Emulation\ Project.o   
Finished building target: Emulation Project
 
14:48:22 **** Incremental Build of configuration Debug for project Emulation Project ****
make -k all 
make: Nothing to be done for `all'.
14:48:45 **** Incremental Build of configuration Debug for project Emulation Project ****
make -k all 
Building file: ../src/CPhysicalConnectionsHandler.cpp
Invoking: GCC C++ Compiler
g++ -O0 -g3 -Wall -c -fmessage-length=0 -MMD -MP -MF"src/CPhysicalConnectionsHandler.d" -MT"src/CPhysicalConnectionsHandler.d" -o "src/CPhysicalConnectionsHandler.o" "../src/CPhysicalConnectionsHandler.cpp"
Finished building: ../src/CPhysicalConnectionsHandler.cpp
 
Building target: Emulation Project
Invoking: GCC C++ Linker
g++  -o "Emulation Project"  ./src/CEmulation.o ./src/CException.o ./src/CPhysicalConnection.o ./src/CPhysicalConnectionsHandler.o ./src/Emulation\ Project.o   
Finished building target: Emulation Project
 
14:49:50 **** Incremental Build of configuration Debug for project Emulation Project ****
make -k all 
Building file: ../src/CPhysicalConnectionsHandler.cpp
Invoking: GCC C++ Compiler
g++ -O0 -g3 -Wall -c -fmessage-length=0 -MMD -MP -MF"src/CPhysicalConnectionsHandler.d" -MT"src/CPhysicalConnectionsHandler.d" -o "src/CPhysicalConnectionsHandler.o" "../src/CPhysicalConnectionsHandler.cpp"
Finished building: ../src/CPhysicalConnectionsHandler.cpp
 
Building target: Emulation Project
Invoking: GCC C++ Linker
g++  -o "Emulation Project"  ./src/CEmulation.o ./src/CException.o ./src/CPhysicalConnection.o ./src/CPhysicalConnectionsHandler.o ./src/Emulation\ Project.o   
Finished building target: Emulation Project
 
14:58:45 **** Incremental Build of configuration Debug for project Emulation Project ****
make -k all 
Building file: ../src/CPhysicalConnectionsHandler.cpp
Invoking: GCC C++ Compiler
g++ -O0 -g3 -Wall -c -fmessage-length=0 -MMD -MP -MF"src/CPhysicalConnectionsHandler.d" -MT"src/CPhysicalConnectionsHandler.d" -o "src/CPhysicalConnectionsHandler.o" "../src/CPhysicalConnectionsHandler.cpp"
Finished building: ../src/CPhysicalConnectionsHandler.cpp
 
Building target: Emulation Project
Invoking: GCC C++ Linker
g++  -o "Emulation Project"  ./src/CEmulation.o ./src/CException.o ./src/CPhysicalConnection.o ./src/CPhysicalConnectionsHandler.o ./src/Emulation\ Project.o   
Finished building target: Emulation Project
 
14:59:24 **** Incremental Build of configuration Debug for project Emulation Project ****
make -k all 
Building file: ../src/CPhysicalConnectionsHandler.cpp
Invoking: GCC C++ Compiler
g++ -O0 -g3 -Wall -c -fmessage-length=0 -MMD -MP -MF"src/CPhysicalConnectionsHandler.d" -MT"src/CPhysicalConnectionsHandler.d" -o "src/CPhysicalConnectionsHandler.o" "../src/CPhysicalConnectionsHandler.cpp"
Finished building: ../src/CPhysicalConnectionsHandler.cpp
 
Building target: Emulation Project
Invoking: GCC C++ Linker
g++  -o "Emulation Project"  ./src/CEmulation.o ./src/CException.o ./src/CPhysicalConnection.o ./src/CPhysicalConnectionsHandler.o ./src/Emulation\ Project.o   
Finished building target: Emulation Project
 
15:01:36 **** Incremental Build of configuration Debug for project Emulation Project ****
make -k all 
Building file: ../src/CPhysicalConnectionsHandler.cpp
Invoking: GCC C++ Compiler
g++ -O0 -g3 -Wall -c -fmessage-length=0 -MMD -MP -MF"src/CPhysicalConnectionsHandler.d" -MT"src/CPhysicalConnectionsHandler.d" -o "src/CPhysicalConnectionsHandler.o" "../src/CPhysicalConnectionsHandler.cpp"
Finished building: ../src/CPhysicalConnectionsHandler.cpp
 
Building target: Emulation Project
Invoking: GCC C++ Linker
g++  -o "Emulation Project"  ./src/CEmulation.o ./src/CException.o ./src/CPhysicalConnection.o ./src/CPhysicalConnectionsHandler.o ./src/Emulation\ Project.o   
Finished building target: Emulation Project
 
15:48:13 **** Incremental Build of configuration Debug for project Emulation Project ****
make -k all 
Building file: ../src/CEmulation.cpp
Invoking: GCC C++ Compiler
g++ -O0 -g3 -Wall -c -fmessage-length=0 -MMD -MP -MF"src/CEmulation.d" -MT"src/CEmulation.d" -o "src/CEmulation.o" "../src/CEmulation.cpp"
Finished building: ../src/CEmulation.cpp
 
Building file: ../src/CPhysicalConnection.cpp
Invoking: GCC C++ Compiler
g++ -O0 -g3 -Wall -c -fmessage-length=0 -MMD -MP -MF"src/CPhysicalConnection.d" -MT"src/CPhysicalConnection.d" -o "src/CPhysicalConnection.o" "../src/CPhysicalConnection.cpp"
Finished building: ../src/CPhysicalConnection.cpp
 
Building file: ../src/CPhysicalConnectionsHandler.cpp
Invoking: GCC C++ Compiler
g++ -O0 -g3 -Wall -c -fmessage-length=0 -MMD -MP -MF"src/CPhysicalConnectionsHandler.d" -MT"src/CPhysicalConnectionsHandler.d" -o "src/CPhysicalConnectionsHandler.o" "../src/CPhysicalConnectionsHandler.cpp"
../src/CPhysicalConnectionsHandler.cpp: In member function ‘void CPhysicalConnectionsHandler::CreatePhyiscalConnections()’:
Building file: ../src/Emulation Project.cpp
../src/CPhysicalConnectionsHandler.cpp:146:66: error: no matching function for call to ‘CPhysicalConnection::CPhysicalConnection(ifaddrs*&)’
Invoking: GCC C++ Compiler
../src/CPhysicalConnectionsHandler.cpp:146:66: note: candidates are:
g++ -O0 -g3 -Wall -c -fmessage-length=0 -MMD -MP -MF"src/Emulation Project.d" -MT"src/Emulation\ Project.d" -o "src/Emulation Project.o" "../src/Emulation Project.cpp"
In file included from ../src/CPhysicalConnectionsHandler.h:11:0,
                 from ../src/CPhysicalConnectionsHandler.cpp:8:
../src/CPhysicalConnection.h:14:2: note: CPhysicalConnection::CPhysicalConnection(ifaddr*)
../src/CPhysicalConnection.h:14:2: note:   no known conversion for argument 1 from ‘ifaddrs*’ to ‘ifaddr*’
../src/CPhysicalConnection.h:11:7: note: CPhysicalConnection::CPhysicalConnection(const CPhysicalConnection&)
../src/CPhysicalConnection.h:11:7: note:   no known conversion for argument 1 from ‘ifaddrs*’ to ‘const CPhysicalConnection&’
make: *** [src/CPhysicalConnectionsHandler.o] Error 1
Finished building: ../src/Emulation Project.cpp
 
make: Target `all' not remade because of errors.
15:49:27 **** Incremental Build of configuration Debug for project Emulation Project ****
make -k all 
Building file: ../src/CPhysicalConnection.cpp
Invoking: GCC C++ Compiler
g++ -O0 -g3 -Wall -c -fmessage-length=0 -MMD -MP -MF"src/CPhysicalConnection.d" -MT"src/CPhysicalConnection.d" -o "src/CPhysicalConnection.o" "../src/CPhysicalConnection.cpp"
Finished building: ../src/CPhysicalConnection.cpp
 
Building file: ../src/CPhysicalConnectionsHandler.cpp
Invoking: GCC C++ Compiler
g++ -O0 -g3 -Wall -c -fmessage-length=0 -MMD -MP -MF"src/CPhysicalConnectionsHandler.d" -MT"src/CPhysicalConnectionsHandler.d" -o "src/CPhysicalConnectionsHandler.o" "../src/CPhysicalConnectionsHandler.cpp"
../src/CPhysicalConnectionsHandler.cpp: In member function ‘void CPhysicalConnectionsHandler::CreatePhyiscalConnections()’:
../src/CPhysicalConnectionsHandler.cpp:146:66: error: no matching function for call to ‘CPhysicalConnection::CPhysicalConnection(ifaddrs*&)’
../src/CPhysicalConnectionsHandler.cpp:146:66: note: candidates are:
In file included from ../src/CPhysicalConnectionsHandler.h:11:0,
                 from ../src/CPhysicalConnectionsHandler.cpp:8:
../src/CPhysicalConnection.h:14:2: note: CPhysicalConnection::CPhysicalConnection(ifaddr*)
../src/CPhysicalConnection.h:14:2: note:   no known conversion for argument 1 from ‘ifaddrs*’ to ‘ifaddr*’
../src/CPhysicalConnection.h:11:7: note: CPhysicalConnection::CPhysicalConnection(const CPhysicalConnection&)
../src/CPhysicalConnection.h:11:7: note:   no known conversion for argument 1 from ‘ifaddrs*’ to ‘const CPhysicalConnection&’
make: *** [src/CPhysicalConnectionsHandler.o] Error 1
make: Target `all' not remade because of errors.
15:50:44 **** Incremental Build of configuration Debug for project Emulation Project ****
make -k all 
Building file: ../src/CPhysicalConnectionsHandler.cpp
Invoking: GCC C++ Compiler
g++ -O0 -g3 -Wall -c -fmessage-length=0 -MMD -MP -MF"src/CPhysicalConnectionsHandler.d" -MT"src/CPhysicalConnectionsHandler.d" -o "src/CPhysicalConnectionsHandler.o" "../src/CPhysicalConnectionsHandler.cpp"
../src/CPhysicalConnectionsHandler.cpp: In member function ‘void CPhysicalConnectionsHandler::CreatePhyiscalConnections()’:
../src/CPhysicalConnectionsHandler.cpp:146:63: error: no matching function for call to ‘CPhysicalConnection::CPhysicalConnection(ifaddrs*&)’
../src/CPhysicalConnectionsHandler.cpp:146:63: note: candidates are:
In file included from ../src/CPhysicalConnectionsHandler.h:11:0,
                 from ../src/CPhysicalConnectionsHandler.cpp:8:
../src/CPhysicalConnection.h:14:2: note: CPhysicalConnection::CPhysicalConnection(ifaddr*)
../src/CPhysicalConnection.h:14:2: note:   no known conversion for argument 1 from ‘ifaddrs*’ to ‘ifaddr*’
../src/CPhysicalConnection.h:11:7: note: CPhysicalConnection::CPhysicalConnection(const CPhysicalConnection&)
../src/CPhysicalConnection.h:11:7: note:   no known conversion for argument 1 from ‘ifaddrs*’ to ‘const CPhysicalConnection&’
../src/CPhysicalConnectionsHandler.cpp:147:38: error: no matching function for call to ‘std::vector<CPhysicalConnection*>::push_back()’
../src/CPhysicalConnectionsHandler.cpp:147:38: note: candidate is:
In file included from /usr/include/c++/4.7/vector:65:0,
                 from ../src/BasicIncludes.h:33,
                 from ../src/CPhysicalConnectionsHandler.h:10,
                 from ../src/CPhysicalConnectionsHandler.cpp:8:
/usr/include/c++/4.7/bits/stl_vector.h:881:7: note: void std::vector<_Tp, _Alloc>::push_back(const value_type&) [with _Tp = CPhysicalConnection*; _Alloc = std::allocator<CPhysicalConnection*>; std::vector<_Tp, _Alloc>::value_type = CPhysicalConnection*]
/usr/include/c++/4.7/bits/stl_vector.h:881:7: note:   candidate expects 1 argument, 0 provided
../src/CPhysicalConnectionsHandler.cpp:149:10: error: jump to case label [-fpermissive]
../src/CPhysicalConnectionsHandler.cpp:146:28: error:   crosses initialization of ‘CPhysicalConnection* test’
../src/CPhysicalConnectionsHandler.cpp:152:10: error: jump to case label [-fpermissive]
../src/CPhysicalConnectionsHandler.cpp:146:28: error:   crosses initialization of ‘CPhysicalConnection* test’
../src/CPhysicalConnectionsHandler.cpp:146:28: warning: unused variable ‘test’ [-Wunused-variable]
make: *** [src/CPhysicalConnectionsHandler.o] Error 1
make: Target `all' not remade because of errors.
15:51:10 **** Incremental Build of configuration Debug for project Emulation Project ****
make -k all 
Building file: ../src/CEmulation.cpp
Invoking: GCC C++ Compiler
g++ -O0 -g3 -Wall -c -fmessage-length=0 -MMD -MP -MF"src/CEmulation.d" -MT"src/CEmulation.d" -o "src/CEmulation.o" "../src/CEmulation.cpp"
Finished building: ../src/CEmulation.cpp
 
Building file: ../src/CPhysicalConnection.cpp
Invoking: GCC C++ Compiler
g++ -O0 -g3 -Wall -c -fmessage-length=0 -MMD -MP -MF"src/CPhysicalConnection.d" -MT"src/CPhysicalConnection.d" -o "src/CPhysicalConnection.o" "../src/CPhysicalConnection.cpp"
Finished building: ../src/CPhysicalConnection.cpp
 
Building file: ../src/CPhysicalConnectionsHandler.cpp
Invoking: GCC C++ Compiler
g++ -O0 -g3 -Wall -c -fmessage-length=0 -MMD -MP -MF"src/CPhysicalConnectionsHandler.d" -MT"src/CPhysicalConnectionsHandler.d" -o "src/CPhysicalConnectionsHandler.o" "../src/CPhysicalConnectionsHandler.cpp"
../src/CPhysicalConnectionsHandler.cpp: In member function ‘void CPhysicalConnectionsHandler::CreatePhyiscalConnections()’:
Building file: ../src/Emulation Project.cpp
../src/CPhysicalConnectionsHandler.cpp:146:63: error: no matching function for call to ‘CPhysicalConnection::CPhysicalConnection(ifaddrs*&)’
Invoking: GCC C++ Compiler
../src/CPhysicalConnectionsHandler.cpp:146:63: note: candidates are:
g++ -O0 -g3 -Wall -c -fmessage-length=0 -MMD -MP -MF"src/Emulation Project.d" -MT"src/Emulation\ Project.d" -o "src/Emulation Project.o" "../src/Emulation Project.cpp"
In file included from ../src/CPhysicalConnectionsHandler.h:11:0,
                 from ../src/CPhysicalConnectionsHandler.cpp:8:
../src/CPhysicalConnection.h:14:2: note: CPhysicalConnection::CPhysicalConnection(ifaddr*)
../src/CPhysicalConnection.h:14:2: note:   no known conversion for argument 1 from ‘ifaddrs*’ to ‘ifaddr*’
../src/CPhysicalConnection.h:11:7: note: CPhysicalConnection::CPhysicalConnection(const CPhysicalConnection&)
../src/CPhysicalConnection.h:11:7: note:   no known conversion for argument 1 from ‘ifaddrs*’ to ‘const CPhysicalConnection&’
../src/CPhysicalConnectionsHandler.cpp:147:38: error: no matching function for call to ‘std::vector<CPhysicalConnection*>::push_back()’
../src/CPhysicalConnectionsHandler.cpp:147:38: note: candidate is:
In file included from /usr/include/c++/4.7/vector:65:0,
                 from ../src/BasicIncludes.h:33,
                 from ../src/CPhysicalConnectionsHandler.h:10,
                 from ../src/CPhysicalConnectionsHandler.cpp:8:
/usr/include/c++/4.7/bits/stl_vector.h:881:7: note: void std::vector<_Tp, _Alloc>::push_back(const value_type&) [with _Tp = CPhysicalConnection*; _Alloc = std::allocator<CPhysicalConnection*>; std::vector<_Tp, _Alloc>::value_type = CPhysicalConnection*]
/usr/include/c++/4.7/bits/stl_vector.h:881:7: note:   candidate expects 1 argument, 0 provided
../src/CPhysicalConnectionsHandler.cpp:149:10: error: jump to case label [-fpermissive]
../src/CPhysicalConnectionsHandler.cpp:146:28: error:   crosses initialization of ‘CPhysicalConnection* test’
../src/CPhysicalConnectionsHandler.cpp:152:10: error: jump to case label [-fpermissive]
../src/CPhysicalConnectionsHandler.cpp:146:28: error:   crosses initialization of ‘CPhysicalConnection* test’
../src/CPhysicalConnectionsHandler.cpp:146:28: warning: unused variable ‘test’ [-Wunused-variable]
make: *** [src/CPhysicalConnectionsHandler.o] Error 1
Finished building: ../src/Emulation Project.cpp
make: Target `all' not remade because of errors.
 
15:51:27 **** Incremental Build of configuration Debug for project Emulation Project ****
make -k all 
Building file: ../src/CPhysicalConnectionsHandler.cpp
Invoking: GCC C++ Compiler
g++ -O0 -g3 -Wall -c -fmessage-length=0 -MMD -MP -MF"src/CPhysicalConnectionsHandler.d" -MT"src/CPhysicalConnectionsHandler.d" -o "src/CPhysicalConnectionsHandler.o" "../src/CPhysicalConnectionsHandler.cpp"
../src/CPhysicalConnectionsHandler.cpp: In member function ‘void CPhysicalConnectionsHandler::CreatePhyiscalConnections()’:
../src/CPhysicalConnectionsHandler.cpp:146:63: error: no matching function for call to ‘CPhysicalConnection::CPhysicalConnection(ifaddrs*&)’
../src/CPhysicalConnectionsHandler.cpp:146:63: note: candidates are:
In file included from ../src/CPhysicalConnectionsHandler.h:11:0,
                 from ../src/CPhysicalConnectionsHandler.cpp:8:
../src/CPhysicalConnection.h:14:2: note: CPhysicalConnection::CPhysicalConnection(ifaddr*)
../src/CPhysicalConnection.h:14:2: note:   no known conversion for argument 1 from ‘ifaddrs*’ to ‘ifaddr*’
../src/CPhysicalConnection.h:11:7: note: CPhysicalConnection::CPhysicalConnection(const CPhysicalConnection&)
../src/CPhysicalConnection.h:11:7: note:   no known conversion for argument 1 from ‘ifaddrs*’ to ‘const CPhysicalConnection&’
../src/CPhysicalConnectionsHandler.cpp:147:38: error: no matching function for call to ‘std::vector<CPhysicalConnection*>::push_back()’
../src/CPhysicalConnectionsHandler.cpp:147:38: note: candidate is:
In file included from /usr/include/c++/4.7/vector:65:0,
                 from ../src/BasicIncludes.h:33,
                 from ../src/CPhysicalConnectionsHandler.h:10,
                 from ../src/CPhysicalConnectionsHandler.cpp:8:
/usr/include/c++/4.7/bits/stl_vector.h:881:7: note: void std::vector<_Tp, _Alloc>::push_back(const value_type&) [with _Tp = CPhysicalConnection*; _Alloc = std::allocator<CPhysicalConnection*>; std::vector<_Tp, _Alloc>::value_type = CPhysicalConnection*]
/usr/include/c++/4.7/bits/stl_vector.h:881:7: note:   candidate expects 1 argument, 0 provided
../src/CPhysicalConnectionsHandler.cpp:149:10: error: jump to case label [-fpermissive]
../src/CPhysicalConnectionsHandler.cpp:146:28: error:   crosses initialization of ‘CPhysicalConnection* test’
../src/CPhysicalConnectionsHandler.cpp:152:10: error: jump to case label [-fpermissive]
../src/CPhysicalConnectionsHandler.cpp:146:28: error:   crosses initialization of ‘CPhysicalConnection* test’
../src/CPhysicalConnectionsHandler.cpp:146:28: warning: unused variable ‘test’ [-Wunused-variable]
make: *** [src/CPhysicalConnectionsHandler.o] Error 1
make: Target `all' not remade because of errors.
15:51:32 **** Incremental Build of configuration Debug for project Emulation Project ****
make -k all 
Building file: ../src/CPhysicalConnection.cpp
Invoking: GCC C++ Compiler
g++ -O0 -g3 -Wall -c -fmessage-length=0 -MMD -MP -MF"src/CPhysicalConnection.d" -MT"src/CPhysicalConnection.d" -o "src/CPhysicalConnection.o" "../src/CPhysicalConnection.cpp"
../src/CPhysicalConnection.cpp:10:1: error: prototype for ‘CPhysicalConnection::CPhysicalConnection(ifaddrs*)’ does not match any in class ‘CPhysicalConnection’
Building file: ../src/CPhysicalConnectionsHandler.cpp
Invoking: GCC C++ Compiler
In file included from ../src/CPhysicalConnection.cpp:8:0:
g++ -O0 -g3 -Wall -c -fmessage-length=0 -MMD -MP -MF"src/CPhysicalConnectionsHandler.d" -MT"src/CPhysicalConnectionsHandler.d" -o "src/CPhysicalConnectionsHandler.o" "../src/CPhysicalConnectionsHandler.cpp"
../src/CPhysicalConnection.h:11:7: error: candidates are: CPhysicalConnection::CPhysicalConnection(const CPhysicalConnection&)
../src/CPhysicalConnection.h:14:2: error:                 CPhysicalConnection::CPhysicalConnection(ifaddr*)
make: *** [src/CPhysicalConnection.o] Error 1
../src/CPhysicalConnectionsHandler.cpp: In member function ‘void CPhysicalConnectionsHandler::CreatePhyiscalConnections()’:
../src/CPhysicalConnectionsHandler.cpp:146:63: error: no matching function for call to ‘CPhysicalConnection::CPhysicalConnection(ifaddrs*&)’
../src/CPhysicalConnectionsHandler.cpp:146:63: note: candidates are:
In file included from ../src/CPhysicalConnectionsHandler.h:11:0,
                 from ../src/CPhysicalConnectionsHandler.cpp:8:
../src/CPhysicalConnection.h:14:2: note: CPhysicalConnection::CPhysicalConnection(ifaddr*)
../src/CPhysicalConnection.h:14:2: note:   no known conversion for argument 1 from ‘ifaddrs*’ to ‘ifaddr*’
../src/CPhysicalConnection.h:11:7: note: CPhysicalConnection::CPhysicalConnection(const CPhysicalConnection&)
../src/CPhysicalConnection.h:11:7: note:   no known conversion for argument 1 from ‘ifaddrs*’ to ‘const CPhysicalConnection&’
../src/CPhysicalConnectionsHandler.cpp:147:38: error: no matching function for call to ‘std::vector<CPhysicalConnection*>::push_back()’
../src/CPhysicalConnectionsHandler.cpp:147:38: note: candidate is:
In file included from /usr/include/c++/4.7/vector:65:0,
                 from ../src/BasicIncludes.h:33,
                 from ../src/CPhysicalConnectionsHandler.h:10,
                 from ../src/CPhysicalConnectionsHandler.cpp:8:
/usr/include/c++/4.7/bits/stl_vector.h:881:7: note: void std::vector<_Tp, _Alloc>::push_back(const value_type&) [with _Tp = CPhysicalConnection*; _Alloc = std::allocator<CPhysicalConnection*>; std::vector<_Tp, _Alloc>::value_type = CPhysicalConnection*]
/usr/include/c++/4.7/bits/stl_vector.h:881:7: note:   candidate expects 1 argument, 0 provided
../src/CPhysicalConnectionsHandler.cpp:149:10: error: jump to case label [-fpermissive]
../src/CPhysicalConnectionsHandler.cpp:146:28: error:   crosses initialization of ‘CPhysicalConnection* test’
../src/CPhysicalConnectionsHandler.cpp:152:10: error: jump to case label [-fpermissive]
../src/CPhysicalConnectionsHandler.cpp:146:28: error:   crosses initialization of ‘CPhysicalConnection* test’
../src/CPhysicalConnectionsHandler.cpp:146:28: warning: unused variable ‘test’ [-Wunused-variable]
make: *** [src/CPhysicalConnectionsHandler.o] Error 1
make: Target `all' not remade because of errors.
15:51:37 **** Incremental Build of configuration Debug for project Emulation Project ****
make -k all 
Building file: ../src/CEmulation.cpp
Invoking: GCC C++ Compiler
g++ -O0 -g3 -Wall -c -fmessage-length=0 -MMD -MP -MF"src/CEmulation.d" -MT"src/CEmulation.d" -o "src/CEmulation.o" "../src/CEmulation.cpp"
Finished building: ../src/CEmulation.cpp
 
Building file: ../src/CPhysicalConnection.cpp
Invoking: GCC C++ Compiler
g++ -O0 -g3 -Wall -c -fmessage-length=0 -MMD -MP -MF"src/CPhysicalConnection.d" -MT"src/CPhysicalConnection.d" -o "src/CPhysicalConnection.o" "../src/CPhysicalConnection.cpp"
Finished building: ../src/CPhysicalConnection.cpp
 
Building file: ../src/CPhysicalConnectionsHandler.cpp
Invoking: GCC C++ Compiler
g++ -O0 -g3 -Wall -c -fmessage-length=0 -MMD -MP -MF"src/CPhysicalConnectionsHandler.d" -MT"src/CPhysicalConnectionsHandler.d" -o "src/CPhysicalConnectionsHandler.o" "../src/CPhysicalConnectionsHandler.cpp"
../src/CPhysicalConnectionsHandler.cpp: In member function ‘void CPhysicalConnectionsHandler::CreatePhyiscalConnections()’:
Building file: ../src/Emulation Project.cpp
../src/CPhysicalConnectionsHandler.cpp:147:38: error: no matching function for call to ‘std::vector<CPhysicalConnection*>::push_back()’
Invoking: GCC C++ Compiler
../src/CPhysicalConnectionsHandler.cpp:147:38: note: candidate is:
g++ -O0 -g3 -Wall -c -fmessage-length=0 -MMD -MP -MF"src/Emulation Project.d" -MT"src/Emulation\ Project.d" -o "src/Emulation Project.o" "../src/Emulation Project.cpp"
In file included from /usr/include/c++/4.7/vector:65:0,
                 from ../src/BasicIncludes.h:33,
                 from ../src/CPhysicalConnectionsHandler.h:10,
                 from ../src/CPhysicalConnectionsHandler.cpp:8:
/usr/include/c++/4.7/bits/stl_vector.h:881:7: note: void std::vector<_Tp, _Alloc>::push_back(const value_type&) [with _Tp = CPhysicalConnection*; _Alloc = std::allocator<CPhysicalConnection*>; std::vector<_Tp, _Alloc>::value_type = CPhysicalConnection*]
/usr/include/c++/4.7/bits/stl_vector.h:881:7: note:   candidate expects 1 argument, 0 provided
../src/CPhysicalConnectionsHandler.cpp:149:10: error: jump to case label [-fpermissive]
../src/CPhysicalConnectionsHandler.cpp:146:28: error:   crosses initialization of ‘CPhysicalConnection* test’
../src/CPhysicalConnectionsHandler.cpp:152:10: error: jump to case label [-fpermissive]
../src/CPhysicalConnectionsHandler.cpp:146:28: error:   crosses initialization of ‘CPhysicalConnection* test’
../src/CPhysicalConnectionsHandler.cpp:146:28: warning: unused variable ‘test’ [-Wunused-variable]
make: *** [src/CPhysicalConnectionsHandler.o] Error 1
Finished building: ../src/Emulation Project.cpp
 
make: Target `all' not remade because of errors.
15:51:49 **** Incremental Build of configuration Debug for project Emulation Project ****
make -k all 
Building file: ../src/CPhysicalConnectionsHandler.cpp
Invoking: GCC C++ Compiler
g++ -O0 -g3 -Wall -c -fmessage-length=0 -MMD -MP -MF"src/CPhysicalConnectionsHandler.d" -MT"src/CPhysicalConnectionsHandler.d" -o "src/CPhysicalConnectionsHandler.o" "../src/CPhysicalConnectionsHandler.cpp"
../src/CPhysicalConnectionsHandler.cpp: In member function ‘void CPhysicalConnectionsHandler::CreatePhyiscalConnections()’:
../src/CPhysicalConnectionsHandler.cpp:147:38: error: no matching function for call to ‘std::vector<CPhysicalConnection*>::push_back()’
../src/CPhysicalConnectionsHandler.cpp:147:38: note: candidate is:
In file included from /usr/include/c++/4.7/vector:65:0,
                 from ../src/BasicIncludes.h:33,
                 from ../src/CPhysicalConnectionsHandler.h:10,
                 from ../src/CPhysicalConnectionsHandler.cpp:8:
/usr/include/c++/4.7/bits/stl_vector.h:881:7: note: void std::vector<_Tp, _Alloc>::push_back(const value_type&) [with _Tp = CPhysicalConnection*; _Alloc = std::allocator<CPhysicalConnection*>; std::vector<_Tp, _Alloc>::value_type = CPhysicalConnection*]
/usr/include/c++/4.7/bits/stl_vector.h:881:7: note:   candidate expects 1 argument, 0 provided
../src/CPhysicalConnectionsHandler.cpp:149:10: error: jump to case label [-fpermissive]
../src/CPhysicalConnectionsHandler.cpp:146:28: error:   crosses initialization of ‘CPhysicalConnection* test’
../src/CPhysicalConnectionsHandler.cpp:152:10: error: jump to case label [-fpermissive]
../src/CPhysicalConnectionsHandler.cpp:146:28: error:   crosses initialization of ‘CPhysicalConnection* test’
../src/CPhysicalConnectionsHandler.cpp:146:28: warning: unused variable ‘test’ [-Wunused-variable]
make: *** [src/CPhysicalConnectionsHandler.o] Error 1
make: Target `all' not remade because of errors.
15:52:00 **** Incremental Build of configuration Debug for project Emulation Project ****
make -k all 
Building file: ../src/CPhysicalConnectionsHandler.cpp
Invoking: GCC C++ Compiler
g++ -O0 -g3 -Wall -c -fmessage-length=0 -MMD -MP -MF"src/CPhysicalConnectionsHandler.d" -MT"src/CPhysicalConnectionsHandler.d" -o "src/CPhysicalConnectionsHandler.o" "../src/CPhysicalConnectionsHandler.cpp"
../src/CPhysicalConnectionsHandler.cpp: In member function ‘void CPhysicalConnectionsHandler::CreatePhyiscalConnections()’:
../src/CPhysicalConnectionsHandler.cpp:147:38: error: no matching function for call to ‘std::vector<CPhysicalConnection*>::push_back()’
../src/CPhysicalConnectionsHandler.cpp:147:38: note: candidate is:
In file included from /usr/include/c++/4.7/vector:65:0,
                 from ../src/BasicIncludes.h:33,
                 from ../src/CPhysicalConnectionsHandler.h:10,
                 from ../src/CPhysicalConnectionsHandler.cpp:8:
/usr/include/c++/4.7/bits/stl_vector.h:881:7: note: void std::vector<_Tp, _Alloc>::push_back(const value_type&) [with _Tp = CPhysicalConnection*; _Alloc = std::allocator<CPhysicalConnection*>; std::vector<_Tp, _Alloc>::value_type = CPhysicalConnection*]
/usr/include/c++/4.7/bits/stl_vector.h:881:7: note:   candidate expects 1 argument, 0 provided
../src/CPhysicalConnectionsHandler.cpp:149:10: error: jump to case label [-fpermissive]
../src/CPhysicalConnectionsHandler.cpp:146:28: error:   crosses initialization of ‘CPhysicalConnection* testt’
../src/CPhysicalConnectionsHandler.cpp:152:10: error: jump to case label [-fpermissive]
../src/CPhysicalConnectionsHandler.cpp:146:28: error:   crosses initialization of ‘CPhysicalConnection* testt’
../src/CPhysicalConnectionsHandler.cpp:146:28: warning: unused variable ‘testt’ [-Wunused-variable]
make: *** [src/CPhysicalConnectionsHandler.o] Error 1
make: Target `all' not remade because of errors.
15:52:44 **** Incremental Build of configuration Debug for project Emulation Project ****
make -k all 
Building file: ../src/CPhysicalConnectionsHandler.cpp
Invoking: GCC C++ Compiler
g++ -O0 -g3 -Wall -c -fmessage-length=0 -MMD -MP -MF"src/CPhysicalConnectionsHandler.d" -MT"src/CPhysicalConnectionsHandler.d" -o "src/CPhysicalConnectionsHandler.o" "../src/CPhysicalConnectionsHandler.cpp"
Finished building: ../src/CPhysicalConnectionsHandler.cpp
 
Building target: Emulation Project
Invoking: GCC C++ Linker
g++  -o "Emulation Project"  ./src/CEmulation.o ./src/CException.o ./src/CPhysicalConnection.o ./src/CPhysicalConnectionsHandler.o ./src/Emulation\ Project.o   
Finished building target: Emulation Project
 
16:57:12 **** Incremental Build of configuration Debug for project Emulation Project ****
make -k all 
Building file: ../src/CEmulation.cpp
Invoking: GCC C++ Compiler
g++ -O0 -g3 -Wall -c -fmessage-length=0 -MMD -MP -MF"src/CEmulation.d" -MT"src/CEmulation.d" -o "src/CEmulation.o" "../src/CEmulation.cpp"
Finished building: ../src/CEmulation.cpp
 
Building file: ../src/CPhysicalConnection.cpp
Invoking: GCC C++ Compiler
g++ -O0 -g3 -Wall -c -fmessage-length=0 -MMD -MP -MF"src/CPhysicalConnection.d" -MT"src/CPhysicalConnection.d" -o "src/CPhysicalConnection.o" "../src/CPhysicalConnection.cpp"
../src/CPhysicalConnection.cpp: In constructor ‘CPhysicalConnection::CPhysicalConnection(ifaddrs*)’:
../src/CPhysicalConnection.cpp:15:15: error: aggregate ‘CPhysicalConnection::CPhysicalConnection(ifaddrs*)::ifreq ifr’ has incomplete type and cannot be defined
Building file: ../src/CPhysicalConnectionsHandler.cpp
Invoking: GCC C++ Compiler
../src/CPhysicalConnection.cpp:18:26: error: invalid use of incomplete type ‘struct ifaddrs’
g++ -O0 -g3 -Wall -c -fmessage-length=0 -MMD -MP -MF"src/CPhysicalConnectionsHandler.d" -MT"src/CPhysicalConnectionsHandler.d" -o "src/CPhysicalConnectionsHandler.o" "../src/CPhysicalConnectionsHandler.cpp"
In file included from ../src/CPhysicalConnection.cpp:8:0:
../src/CPhysicalConnection.h:18:29: error: forward declaration of ‘struct ifaddrs’
../src/CPhysicalConnection.cpp:19:8: error: ‘SOCK_RAW’ was not declared in this scope
../src/CPhysicalConnection.cpp:19:19: error: ‘SOCK_NONBLOCK’ was not declared in this scope
../src/CPhysicalConnection.cpp:20:9: error: ‘socket’ was not declared in this scope
../src/CPhysicalConnection.cpp:21:55: error: ‘CEmulation’ was not declared in this scope
../src/CPhysicalConnection.cpp:22:28: error: ‘memset’ was not declared in this scope
../src/CPhysicalConnection.cpp:25:9: error: expected type-specifier before ‘CException’
../src/CPhysicalConnection.cpp:25:20: error: expected ‘)’ before ‘&’ token
../src/CPhysicalConnection.cpp:25:20: error: expected ‘{’ before ‘&’ token
../src/CPhysicalConnection.cpp:25:22: error: ‘e’ was not declared in this scope
../src/CPhysicalConnection.cpp:25:23: error: expected ‘;’ before ‘)’ token
make: *** [src/CPhysicalConnection.o] Error 1
Finished building: ../src/CPhysicalConnectionsHandler.cpp
 
Building file: ../src/Emulation Project.cpp
Invoking: GCC C++ Compiler
g++ -O0 -g3 -Wall -c -fmessage-length=0 -MMD -MP -MF"src/Emulation Project.d" -MT"src/Emulation\ Project.d" -o "src/Emulation Project.o" "../src/Emulation Project.cpp"
Finished building: ../src/Emulation Project.cpp
make: Target `all' not remade because of errors.
 
16:57:37 **** Incremental Build of configuration Debug for project Emulation Project ****
make -k all 
Building file: ../src/CPhysicalConnection.cpp
Invoking: GCC C++ Compiler
g++ -O0 -g3 -Wall -c -fmessage-length=0 -MMD -MP -MF"src/CPhysicalConnection.d" -MT"src/CPhysicalConnection.d" -o "src/CPhysicalConnection.o" "../src/CPhysicalConnection.cpp"
../src/CPhysicalConnection.cpp: In constructor ‘CPhysicalConnection::CPhysicalConnection(ifaddrs*)’:
../src/CPhysicalConnection.cpp:15:15: error: aggregate ‘CPhysicalConnection::CPhysicalConnection(ifaddrs*)::ifreq ifr’ has incomplete type and cannot be defined
../src/CPhysicalConnection.cpp:18:26: error: invalid use of incomplete type ‘struct ifaddrs’
In file included from ../src/CPhysicalConnection.cpp:8:0:
../src/CPhysicalConnection.h:18:29: error: forward declaration of ‘struct ifaddrs’
../src/CPhysicalConnection.cpp:19:8: error: ‘SOCK_RAW’ was not declared in this scope
../src/CPhysicalConnection.cpp:19:19: error: ‘SOCK_NONBLOCK’ was not declared in this scope
../src/CPhysicalConnection.cpp:20:9: error: ‘socket’ was not declared in this scope
../src/CPhysicalConnection.cpp:21:55: error: ‘CEmulation’ was not declared in this scope
../src/CPhysicalConnection.cpp:22:28: error: ‘memset’ was not declared in this scope
../src/CPhysicalConnection.cpp:25:9: error: expected type-specifier before ‘CException’
../src/CPhysicalConnection.cpp:25:20: error: expected ‘)’ before ‘&’ token
../src/CPhysicalConnection.cpp:25:20: error: expected ‘{’ before ‘&’ token
../src/CPhysicalConnection.cpp:25:22: error: ‘e’ was not declared in this scope
../src/CPhysicalConnection.cpp:25:23: error: expected ‘;’ before ‘)’ token
make: *** [src/CPhysicalConnection.o] Error 1
make: Target `all' not remade because of errors.
16:57:40 **** Incremental Build of configuration Debug for project Emulation Project ****
make -k all 
Building file: ../src/CPhysicalConnection.cpp
Invoking: GCC C++ Compiler
g++ -O0 -g3 -Wall -c -fmessage-length=0 -MMD -MP -MF"src/CPhysicalConnection.d" -MT"src/CPhysicalConnection.d" -o "src/CPhysicalConnection.o" "../src/CPhysicalConnection.cpp"
../src/CPhysicalConnection.cpp: In constructor ‘CPhysicalConnection::CPhysicalConnection(ifaddrs*)’:
../src/CPhysicalConnection.cpp:15:15: error: aggregate ‘CPhysicalConnection::CPhysicalConnection(ifaddrs*)::ifreq ifr’ has incomplete type and cannot be defined
../src/CPhysicalConnection.cpp:18:26: error: invalid use of incomplete type ‘struct ifaddrs’
In file included from ../src/CPhysicalConnection.cpp:8:0:
../src/CPhysicalConnection.h:18:29: error: forward declaration of ‘struct ifaddrs’
../src/CPhysicalConnection.cpp:19:8: error: ‘SOCK_RAW’ was not declared in this scope
../src/CPhysicalConnection.cpp:19:19: error: ‘SOCK_NONBLOCK’ was not declared in this scope
../src/CPhysicalConnection.cpp:20:9: error: ‘socket’ was not declared in this scope
../src/CPhysicalConnection.cpp:21:55: error: ‘CEmulation’ was not declared in this scope
../src/CPhysicalConnection.cpp:22:28: error: ‘memset’ was not declared in this scope
../src/CPhysicalConnection.cpp:25:9: error: expected type-specifier before ‘CException’
../src/CPhysicalConnection.cpp:25:20: error: expected ‘)’ before ‘&’ token
../src/CPhysicalConnection.cpp:25:20: error: expected ‘{’ before ‘&’ token
../src/CPhysicalConnection.cpp:25:22: error: ‘e’ was not declared in this scope
../src/CPhysicalConnection.cpp:25:23: error: expected ‘;’ before ‘)’ token
make: *** [src/CPhysicalConnection.o] Error 1
make: Target `all' not remade because of errors.
16:58:00 **** Incremental Build of configuration Debug for project Emulation Project ****
make -k all 
Building file: ../src/CEmulation.cpp
Invoking: GCC C++ Compiler
g++ -O0 -g3 -Wall -c -fmessage-length=0 -MMD -MP -MF"src/CEmulation.d" -MT"src/CEmulation.d" -o "src/CEmulation.o" "../src/CEmulation.cpp"
Finished building: ../src/CEmulation.cpp
 
Building file: ../src/CPhysicalConnection.cpp
Invoking: GCC C++ Compiler
g++ -O0 -g3 -Wall -c -fmessage-length=0 -MMD -MP -MF"src/CPhysicalConnection.d" -MT"src/CPhysicalConnection.d" -o "src/CPhysicalConnection.o" "../src/CPhysicalConnection.cpp"
../src/CPhysicalConnection.cpp: In constructor ‘CPhysicalConnection::CPhysicalConnection(ifaddrs*)’:
Building file: ../src/CPhysicalConnectionsHandler.cpp
Invoking: GCC C++ Compiler
g++ -O0 -g3 -Wall -c -fmessage-length=0 -MMD -MP -MF"src/CPhysicalConnectionsHandler.d" -MT"src/CPhysicalConnectionsHandler.d" -o "src/CPhysicalConnectionsHandler.o" "../src/CPhysicalConnectionsHandler.cpp"
../src/CPhysicalConnection.cpp:15:15: error: aggregate ‘CPhysicalConnection::CPhysicalConnection(ifaddrs*)::ifreq ifr’ has incomplete type and cannot be defined
../src/CPhysicalConnection.cpp:18:26: error: invalid use of incomplete type ‘struct ifaddrs’
In file included from ../src/CPhysicalConnection.cpp:8:0:
../src/CPhysicalConnection.h:18:29: error: forward declaration of ‘struct ifaddrs’
../src/CPhysicalConnection.cpp:19:8: error: ‘SOCK_RAW’ was not declared in this scope
../src/CPhysicalConnection.cpp:19:19: error: ‘SOCK_NONBLOCK’ was not declared in this scope
../src/CPhysicalConnection.cpp:20:9: error: ‘socket’ was not declared in this scope
../src/CPhysicalConnection.cpp:21:55: error: ‘CEmulation’ was not declared in this scope
../src/CPhysicalConnection.cpp:22:28: error: ‘memset’ was not declared in this scope
../src/CPhysicalConnection.cpp:25:9: error: expected type-specifier before ‘CException’
../src/CPhysicalConnection.cpp:25:20: error: expected ‘)’ before ‘&’ token
../src/CPhysicalConnection.cpp:25:20: error: expected ‘{’ before ‘&’ token
../src/CPhysicalConnection.cpp:25:22: error: ‘e’ was not declared in this scope
../src/CPhysicalConnection.cpp:25:23: error: expected ‘;’ before ‘)’ token
make: *** [src/CPhysicalConnection.o] Error 1
Finished building: ../src/CPhysicalConnectionsHandler.cpp
 
Building file: ../src/Emulation Project.cpp
Invoking: GCC C++ Compiler
g++ -O0 -g3 -Wall -c -fmessage-length=0 -MMD -MP -MF"src/Emulation Project.d" -MT"src/Emulation\ Project.d" -o "src/Emulation Project.o" "../src/Emulation Project.cpp"
Finished building: ../src/Emulation Project.cpp
 
make: Target `all' not remade because of errors.
16:58:20 **** Incremental Build of configuration Debug for project Emulation Project ****
make -k all 
Building file: ../src/CEmulation.cpp
Invoking: GCC C++ Compiler
g++ -O0 -g3 -Wall -c -fmessage-length=0 -MMD -MP -MF"src/CEmulation.d" -MT"src/CEmulation.d" -o "src/CEmulation.o" "../src/CEmulation.cpp"
Finished building: ../src/CEmulation.cpp
 
Building file: ../src/CPhysicalConnection.cpp
Invoking: GCC C++ Compiler
g++ -O0 -g3 -Wall -c -fmessage-length=0 -MMD -MP -MF"src/CPhysicalConnection.d" -MT"src/CPhysicalConnection.d" -o "src/CPhysicalConnection.o" "../src/CPhysicalConnection.cpp"
../src/CPhysicalConnection.cpp: In constructor ‘CPhysicalConnection::CPhysicalConnection(ifaddrs*)’:
Building file: ../src/CPhysicalConnectionsHandler.cpp
Invoking: GCC C++ Compiler
../src/CPhysicalConnection.cpp:15:15: error: aggregate ‘CPhysicalConnection::CPhysicalConnection(ifaddrs*)::ifreq ifr’ has incomplete type and cannot be defined
g++ -O0 -g3 -Wall -c -fmessage-length=0 -MMD -MP -MF"src/CPhysicalConnectionsHandler.d" -MT"src/CPhysicalConnectionsHandler.d" -o "src/CPhysicalConnectionsHandler.o" "../src/CPhysicalConnectionsHandler.cpp"
../src/CPhysicalConnection.cpp:18:26: error: invalid use of incomplete type ‘struct ifaddrs’
In file included from ../src/CPhysicalConnection.cpp:8:0:
../src/CPhysicalConnection.h:18:29: error: forward declaration of ‘struct ifaddrs’
../src/CPhysicalConnection.cpp:19:8: error: ‘SOCK_RAW’ was not declared in this scope
../src/CPhysicalConnection.cpp:19:19: error: ‘SOCK_NONBLOCK’ was not declared in this scope
../src/CPhysicalConnection.cpp:20:9: error: ‘socket’ was not declared in this scope
../src/CPhysicalConnection.cpp:21:55: error: ‘CEmulation’ was not declared in this scope
../src/CPhysicalConnection.cpp:22:28: error: ‘memset’ was not declared in this scope
../src/CPhysicalConnection.cpp:25:9: error: expected type-specifier before ‘CException’
../src/CPhysicalConnection.cpp:25:20: error: expected ‘)’ before ‘&’ token
../src/CPhysicalConnection.cpp:25:20: error: expected ‘{’ before ‘&’ token
../src/CPhysicalConnection.cpp:25:22: error: ‘e’ was not declared in this scope
../src/CPhysicalConnection.cpp:25:23: error: expected ‘;’ before ‘)’ token
make: *** [src/CPhysicalConnection.o] Error 1
Finished building: ../src/CPhysicalConnectionsHandler.cpp
 
Building file: ../src/Emulation Project.cpp
Invoking: GCC C++ Compiler
g++ -O0 -g3 -Wall -c -fmessage-length=0 -MMD -MP -MF"src/Emulation Project.d" -MT"src/Emulation\ Project.d" -o "src/Emulation Project.o" "../src/Emulation Project.cpp"
Finished building: ../src/Emulation Project.cpp
make: Target `all' not remade because of errors.
 
16:58:23 **** Incremental Build of configuration Debug for project Emulation Project ****
make -k all 
Building file: ../src/CPhysicalConnection.cpp
Invoking: GCC C++ Compiler
g++ -O0 -g3 -Wall -c -fmessage-length=0 -MMD -MP -MF"src/CPhysicalConnection.d" -MT"src/CPhysicalConnection.d" -o "src/CPhysicalConnection.o" "../src/CPhysicalConnection.cpp"
../src/CPhysicalConnection.cpp: In constructor ‘CPhysicalConnection::CPhysicalConnection(ifaddrs*)’:
../src/CPhysicalConnection.cpp:15:15: error: aggregate ‘CPhysicalConnection::CPhysicalConnection(ifaddrs*)::ifreq ifr’ has incomplete type and cannot be defined
../src/CPhysicalConnection.cpp:18:26: error: invalid use of incomplete type ‘struct ifaddrs’
In file included from ../src/CPhysicalConnection.cpp:8:0:
../src/CPhysicalConnection.h:18:29: error: forward declaration of ‘struct ifaddrs’
../src/CPhysicalConnection.cpp:19:8: error: ‘SOCK_RAW’ was not declared in this scope
../src/CPhysicalConnection.cpp:19:19: error: ‘SOCK_NONBLOCK’ was not declared in this scope
../src/CPhysicalConnection.cpp:20:9: error: ‘socket’ was not declared in this scope
../src/CPhysicalConnection.cpp:21:55: error: ‘CEmulation’ was not declared in this scope
../src/CPhysicalConnection.cpp:22:28: error: ‘memset’ was not declared in this scope
../src/CPhysicalConnection.cpp:25:9: error: expected type-specifier before ‘CException’
../src/CPhysicalConnection.cpp:25:20: error: expected ‘)’ before ‘&’ token
../src/CPhysicalConnection.cpp:25:20: error: expected ‘{’ before ‘&’ token
../src/CPhysicalConnection.cpp:25:22: error: ‘e’ was not declared in this scope
../src/CPhysicalConnection.cpp:25:23: error: expected ‘;’ before ‘)’ token
make: *** [src/CPhysicalConnection.o] Error 1
make: Target `all' not remade because of errors.
16:58:24 **** Incremental Build of configuration Debug for project Emulation Project ****
make -k all 
Building file: ../src/CPhysicalConnection.cpp
Invoking: GCC C++ Compiler
g++ -O0 -g3 -Wall -c -fmessage-length=0 -MMD -MP -MF"src/CPhysicalConnection.d" -MT"src/CPhysicalConnection.d" -o "src/CPhysicalConnection.o" "../src/CPhysicalConnection.cpp"
../src/CPhysicalConnection.cpp: In constructor ‘CPhysicalConnection::CPhysicalConnection(ifaddrs*)’:
../src/CPhysicalConnection.cpp:15:15: error: aggregate ‘CPhysicalConnection::CPhysicalConnection(ifaddrs*)::ifreq ifr’ has incomplete type and cannot be defined
../src/CPhysicalConnection.cpp:18:26: error: invalid use of incomplete type ‘struct ifaddrs’
In file included from ../src/CPhysicalConnection.cpp:8:0:
../src/CPhysicalConnection.h:18:29: error: forward declaration of ‘struct ifaddrs’
../src/CPhysicalConnection.cpp:19:8: error: ‘SOCK_RAW’ was not declared in this scope
../src/CPhysicalConnection.cpp:19:19: error: ‘SOCK_NONBLOCK’ was not declared in this scope
../src/CPhysicalConnection.cpp:20:9: error: ‘socket’ was not declared in this scope
../src/CPhysicalConnection.cpp:21:55: error: ‘CEmulation’ was not declared in this scope
../src/CPhysicalConnection.cpp:22:28: error: ‘memset’ was not declared in this scope
../src/CPhysicalConnection.cpp:25:9: error: expected type-specifier before ‘CException’
../src/CPhysicalConnection.cpp:25:20: error: expected ‘)’ before ‘&’ token
../src/CPhysicalConnection.cpp:25:20: error: expected ‘{’ before ‘&’ token
../src/CPhysicalConnection.cpp:25:22: error: ‘e’ was not declared in this scope
../src/CPhysicalConnection.cpp:25:23: error: expected ‘;’ before ‘)’ token
make: *** [src/CPhysicalConnection.o] Error 1
make: Target `all' not remade because of errors.
16:58:25 **** Incremental Build of configuration Debug for project Emulation Project ****
make -k all 
Building file: ../src/CPhysicalConnection.cpp
Invoking: GCC C++ Compiler
g++ -O0 -g3 -Wall -c -fmessage-length=0 -MMD -MP -MF"src/CPhysicalConnection.d" -MT"src/CPhysicalConnection.d" -o "src/CPhysicalConnection.o" "../src/CPhysicalConnection.cpp"
../src/CPhysicalConnection.cpp: In constructor ‘CPhysicalConnection::CPhysicalConnection(ifaddrs*)’:
../src/CPhysicalConnection.cpp:15:15: error: aggregate ‘CPhysicalConnection::CPhysicalConnection(ifaddrs*)::ifreq ifr’ has incomplete type and cannot be defined
../src/CPhysicalConnection.cpp:18:26: error: invalid use of incomplete type ‘struct ifaddrs’
In file included from ../src/CPhysicalConnection.cpp:8:0:
../src/CPhysicalConnection.h:18:29: error: forward declaration of ‘struct ifaddrs’
../src/CPhysicalConnection.cpp:19:8: error: ‘SOCK_RAW’ was not declared in this scope
../src/CPhysicalConnection.cpp:19:19: error: ‘SOCK_NONBLOCK’ was not declared in this scope
../src/CPhysicalConnection.cpp:20:9: error: ‘socket’ was not declared in this scope
../src/CPhysicalConnection.cpp:21:55: error: ‘CEmulation’ was not declared in this scope
../src/CPhysicalConnection.cpp:22:28: error: ‘memset’ was not declared in this scope
../src/CPhysicalConnection.cpp:25:9: error: expected type-specifier before ‘CException’
../src/CPhysicalConnection.cpp:25:20: error: expected ‘)’ before ‘&’ token
../src/CPhysicalConnection.cpp:25:20: error: expected ‘{’ before ‘&’ token
../src/CPhysicalConnection.cpp:25:22: error: ‘e’ was not declared in this scope
../src/CPhysicalConnection.cpp:25:23: error: expected ‘;’ before ‘)’ token
make: *** [src/CPhysicalConnection.o] Error 1
make: Target `all' not remade because of errors.
16:58:26 **** Incremental Build of configuration Debug for project Emulation Project ****
make -k all 
Building file: ../src/CPhysicalConnection.cpp
Invoking: GCC C++ Compiler
g++ -O0 -g3 -Wall -c -fmessage-length=0 -MMD -MP -MF"src/CPhysicalConnection.d" -MT"src/CPhysicalConnection.d" -o "src/CPhysicalConnection.o" "../src/CPhysicalConnection.cpp"
../src/CPhysicalConnection.cpp: In constructor ‘CPhysicalConnection::CPhysicalConnection(ifaddrs*)’:
../src/CPhysicalConnection.cpp:15:15: error: aggregate ‘CPhysicalConnection::CPhysicalConnection(ifaddrs*)::ifreq ifr’ has incomplete type and cannot be defined
../src/CPhysicalConnection.cpp:18:26: error: invalid use of incomplete type ‘struct ifaddrs’
In file included from ../src/CPhysicalConnection.cpp:8:0:
../src/CPhysicalConnection.h:18:29: error: forward declaration of ‘struct ifaddrs’
../src/CPhysicalConnection.cpp:19:8: error: ‘SOCK_RAW’ was not declared in this scope
../src/CPhysicalConnection.cpp:19:19: error: ‘SOCK_NONBLOCK’ was not declared in this scope
../src/CPhysicalConnection.cpp:20:9: error: ‘socket’ was not declared in this scope
../src/CPhysicalConnection.cpp:21:55: error: ‘CEmulation’ was not declared in this scope
../src/CPhysicalConnection.cpp:22:28: error: ‘memset’ was not declared in this scope
../src/CPhysicalConnection.cpp:25:9: error: expected type-specifier before ‘CException’
../src/CPhysicalConnection.cpp:25:20: error: expected ‘)’ before ‘&’ token
../src/CPhysicalConnection.cpp:25:20: error: expected ‘{’ before ‘&’ token
../src/CPhysicalConnection.cpp:25:22: error: ‘e’ was not declared in this scope
../src/CPhysicalConnection.cpp:25:23: error: expected ‘;’ before ‘)’ token
make: *** [src/CPhysicalConnection.o] Error 1
make: Target `all' not remade because of errors.
16:58:26 **** Incremental Build of configuration Debug for project Emulation Project ****
make -k all 
Building file: ../src/CPhysicalConnection.cpp
Invoking: GCC C++ Compiler
g++ -O0 -g3 -Wall -c -fmessage-length=0 -MMD -MP -MF"src/CPhysicalConnection.d" -MT"src/CPhysicalConnection.d" -o "src/CPhysicalConnection.o" "../src/CPhysicalConnection.cpp"
../src/CPhysicalConnection.cpp: In constructor ‘CPhysicalConnection::CPhysicalConnection(ifaddrs*)’:
../src/CPhysicalConnection.cpp:15:15: error: aggregate ‘CPhysicalConnection::CPhysicalConnection(ifaddrs*)::ifreq ifr’ has incomplete type and cannot be defined
../src/CPhysicalConnection.cpp:18:26: error: invalid use of incomplete type ‘struct ifaddrs’
In file included from ../src/CPhysicalConnection.cpp:8:0:
../src/CPhysicalConnection.h:18:29: error: forward declaration of ‘struct ifaddrs’
../src/CPhysicalConnection.cpp:19:8: error: ‘SOCK_RAW’ was not declared in this scope
../src/CPhysicalConnection.cpp:19:19: error: ‘SOCK_NONBLOCK’ was not declared in this scope
../src/CPhysicalConnection.cpp:20:9: error: ‘socket’ was not declared in this scope
../src/CPhysicalConnection.cpp:21:55: error: ‘CEmulation’ was not declared in this scope
../src/CPhysicalConnection.cpp:22:28: error: ‘memset’ was not declared in this scope
../src/CPhysicalConnection.cpp:25:9: error: expected type-specifier before ‘CException’
../src/CPhysicalConnection.cpp:25:20: error: expected ‘)’ before ‘&’ token
../src/CPhysicalConnection.cpp:25:20: error: expected ‘{’ before ‘&’ token
../src/CPhysicalConnection.cpp:25:22: error: ‘e’ was not declared in this scope
../src/CPhysicalConnection.cpp:25:23: error: expected ‘;’ before ‘)’ token
make: *** [src/CPhysicalConnection.o] Error 1
make: Target `all' not remade because of errors.
16:58:26 **** Incremental Build of configuration Debug for project Emulation Project ****
make -k all 
Building file: ../src/CPhysicalConnection.cpp
Invoking: GCC C++ Compiler
g++ -O0 -g3 -Wall -c -fmessage-length=0 -MMD -MP -MF"src/CPhysicalConnection.d" -MT"src/CPhysicalConnection.d" -o "src/CPhysicalConnection.o" "../src/CPhysicalConnection.cpp"
../src/CPhysicalConnection.cpp: In constructor ‘CPhysicalConnection::CPhysicalConnection(ifaddrs*)’:
../src/CPhysicalConnection.cpp:15:15: error: aggregate ‘CPhysicalConnection::CPhysicalConnection(ifaddrs*)::ifreq ifr’ has incomplete type and cannot be defined
../src/CPhysicalConnection.cpp:18:26: error: invalid use of incomplete type ‘struct ifaddrs’
In file included from ../src/CPhysicalConnection.cpp:8:0:
../src/CPhysicalConnection.h:18:29: error: forward declaration of ‘struct ifaddrs’
../src/CPhysicalConnection.cpp:19:8: error: ‘SOCK_RAW’ was not declared in this scope
../src/CPhysicalConnection.cpp:19:19: error: ‘SOCK_NONBLOCK’ was not declared in this scope
../src/CPhysicalConnection.cpp:20:9: error: ‘socket’ was not declared in this scope
../src/CPhysicalConnection.cpp:21:55: error: ‘CEmulation’ was not declared in this scope
../src/CPhysicalConnection.cpp:22:28: error: ‘memset’ was not declared in this scope
../src/CPhysicalConnection.cpp:25:9: error: expected type-specifier before ‘CException’
../src/CPhysicalConnection.cpp:25:20: error: expected ‘)’ before ‘&’ token
../src/CPhysicalConnection.cpp:25:20: error: expected ‘{’ before ‘&’ token
../src/CPhysicalConnection.cpp:25:22: error: ‘e’ was not declared in this scope
../src/CPhysicalConnection.cpp:25:23: error: expected ‘;’ before ‘)’ token
make: *** [src/CPhysicalConnection.o] Error 1
make: Target `all' not remade because of errors.
16:58:36 **** Incremental Build of configuration Debug for project Emulation Project ****
make -k all 
Building file: ../src/CPhysicalConnection.cpp
Invoking: GCC C++ Compiler
g++ -O0 -g3 -Wall -c -fmessage-length=0 -MMD -MP -MF"src/CPhysicalConnection.d" -MT"src/CPhysicalConnection.d" -o "src/CPhysicalConnection.o" "../src/CPhysicalConnection.cpp"
../src/CPhysicalConnection.cpp: In constructor ‘CPhysicalConnection::CPhysicalConnection(ifaddrs*)’:
../src/CPhysicalConnection.cpp:15:15: error: aggregate ‘CPhysicalConnection::CPhysicalConnection(ifaddrs*)::ifreq ifr’ has incomplete type and cannot be defined
../src/CPhysicalConnection.cpp:18:26: error: invalid use of incomplete type ‘struct ifaddrs’
In file included from ../src/CPhysicalConnection.cpp:8:0:
../src/CPhysicalConnection.h:18:29: error: forward declaration of ‘struct ifaddrs’
../src/CPhysicalConnection.cpp:19:8: error: ‘SOCK_RAW’ was not declared in this scope
../src/CPhysicalConnection.cpp:19:19: error: ‘SOCK_NONBLOCK’ was not declared in this scope
../src/CPhysicalConnection.cpp:20:9: error: ‘socket’ was not declared in this scope
../src/CPhysicalConnection.cpp:21:55: error: ‘CEmulation’ was not declared in this scope
../src/CPhysicalConnection.cpp:22:28: error: ‘memset’ was not declared in this scope
../src/CPhysicalConnection.cpp:25:9: error: expected type-specifier before ‘CException’
../src/CPhysicalConnection.cpp:25:20: error: expected ‘)’ before ‘&’ token
../src/CPhysicalConnection.cpp:25:20: error: expected ‘{’ before ‘&’ token
../src/CPhysicalConnection.cpp:25:22: error: ‘e’ was not declared in this scope
../src/CPhysicalConnection.cpp:25:23: error: expected ‘;’ before ‘)’ token
make: *** [src/CPhysicalConnection.o] Error 1
make: Target `all' not remade because of errors.
16:58:53 **** Incremental Build of configuration Debug for project Emulation Project ****
make -k all 
Building file: ../src/CEmulation.cpp
Invoking: GCC C++ Compiler
g++ -O0 -g3 -Wall -c -fmessage-length=0 -MMD -MP -MF"src/CEmulation.d" -MT"src/CEmulation.d" -o "src/CEmulation.o" "../src/CEmulation.cpp"
Finished building: ../src/CEmulation.cpp
 
Building file: ../src/CPhysicalConnection.cpp
Invoking: GCC C++ Compiler
g++ -O0 -g3 -Wall -c -fmessage-length=0 -MMD -MP -MF"src/CPhysicalConnection.d" -MT"src/CPhysicalConnection.d" -o "src/CPhysicalConnection.o" "../src/CPhysicalConnection.cpp"
../src/CPhysicalConnection.cpp: In constructor ‘CPhysicalConnection::CPhysicalConnection(ifaddrs*)’:
Building file: ../src/CPhysicalConnectionsHandler.cpp
../src/CPhysicalConnection.cpp:15:15: error: aggregate ‘CPhysicalConnection::CPhysicalConnection(ifaddrs*)::ifreq ifr’ has incomplete type and cannot be defined
../src/CPhysicalConnection.cpp:18:26: error: invalid use of incomplete type ‘struct ifaddrs’
Invoking: GCC C++ Compiler
g++ -O0 -g3 -Wall -c -fmessage-length=0 -MMD -MP -MF"src/CPhysicalConnectionsHandler.d" -MT"src/CPhysicalConnectionsHandler.d" -o "src/CPhysicalConnectionsHandler.o" "../src/CPhysicalConnectionsHandler.cpp"
In file included from ../src/CPhysicalConnection.cpp:8:0:
../src/CPhysicalConnection.h:18:29: error: forward declaration of ‘struct ifaddrs’
../src/CPhysicalConnection.cpp:19:8: error: ‘SOCK_RAW’ was not declared in this scope
../src/CPhysicalConnection.cpp:19:19: error: ‘SOCK_NONBLOCK’ was not declared in this scope
../src/CPhysicalConnection.cpp:20:9: error: ‘socket’ was not declared in this scope
../src/CPhysicalConnection.cpp:21:55: error: ‘CEmulation’ was not declared in this scope
../src/CPhysicalConnection.cpp:22:28: error: ‘memset’ was not declared in this scope
../src/CPhysicalConnection.cpp:25:9: error: expected type-specifier before ‘CException’
../src/CPhysicalConnection.cpp:25:20: error: expected ‘)’ before ‘&’ token
../src/CPhysicalConnection.cpp:25:20: error: expected ‘{’ before ‘&’ token
../src/CPhysicalConnection.cpp:25:22: error: ‘e’ was not declared in this scope
../src/CPhysicalConnection.cpp:25:23: error: expected ‘;’ before ‘)’ token
make: *** [src/CPhysicalConnection.o] Error 1
Finished building: ../src/CPhysicalConnectionsHandler.cpp
 
Building file: ../src/Emulation Project.cpp
Invoking: GCC C++ Compiler
g++ -O0 -g3 -Wall -c -fmessage-length=0 -MMD -MP -MF"src/Emulation Project.d" -MT"src/Emulation\ Project.d" -o "src/Emulation Project.o" "../src/Emulation Project.cpp"
Finished building: ../src/Emulation Project.cpp
make: Target `all' not remade because of errors.
 
16:59:29 **** Incremental Build of configuration Debug for project Emulation Project ****
make -k all 
Building file: ../src/CEmulation.cpp
Invoking: GCC C++ Compiler
g++ -O0 -g3 -Wall -c -fmessage-length=0 -MMD -MP -MF"src/CEmulation.d" -MT"src/CEmulation.d" -o "src/CEmulation.o" "../src/CEmulation.cpp"
In file included from ../src/CEmulation.h:12:0,
                 from ../src/CEmulation.cpp:8:
../src/CPhysicalConnection.h:10:27: warning: extra tokens at end of #include directive [enabled by default]
Finished building: ../src/CEmulation.cpp
 
Building file: ../src/CPhysicalConnection.cpp
Invoking: GCC C++ Compiler
g++ -O0 -g3 -Wall -c -fmessage-length=0 -MMD -MP -MF"src/CPhysicalConnection.d" -MT"src/CPhysicalConnection.d" -o "src/CPhysicalConnection.o" "../src/CPhysicalConnection.cpp"
In file included from ../src/CPhysicalConnection.cpp:8:0:
../src/CPhysicalConnection.h:10:27: warning: extra tokens at end of #include directive [enabled by default]
../src/CPhysicalConnection.cpp: In constructor ‘CPhysicalConnection::CPhysicalConnection(ifaddrs*)’:
Building file: ../src/CPhysicalConnectionsHandler.cpp
../src/CPhysicalConnection.cpp:15:15: error: aggregate ‘CPhysicalConnection::CPhysicalConnection(ifaddrs*)::ifreq ifr’ has incomplete type and cannot be defined
Invoking: GCC C++ Compiler
../src/CPhysicalConnection.cpp:21:55: error: ‘CEmulation’ was not declared in this scope
../src/CPhysicalConnection.cpp:22:28: error: ‘memset’ was not declared in this scope
make: *** [src/CPhysicalConnection.o] Error 1
g++ -O0 -g3 -Wall -c -fmessage-length=0 -MMD -MP -MF"src/CPhysicalConnectionsHandler.d" -MT"src/CPhysicalConnectionsHandler.d" -o "src/CPhysicalConnectionsHandler.o" "../src/CPhysicalConnectionsHandler.cpp"
In file included from ../src/CPhysicalConnectionsHandler.h:11:0,
                 from ../src/CPhysicalConnectionsHandler.cpp:8:
../src/CPhysicalConnection.h:10:27: warning: extra tokens at end of #include directive [enabled by default]
Finished building: ../src/CPhysicalConnectionsHandler.cpp
 
Building file: ../src/Emulation Project.cpp
Invoking: GCC C++ Compiler
g++ -O0 -g3 -Wall -c -fmessage-length=0 -MMD -MP -MF"src/Emulation Project.d" -MT"src/Emulation\ Project.d" -o "src/Emulation Project.o" "../src/Emulation Project.cpp"
In file included from ../src/CEmulation.h:12:0,
                 from ../src/Emulation Project.cpp:9:
../src/CPhysicalConnection.h:10:27: warning: extra tokens at end of #include directive [enabled by default]
Finished building: ../src/Emulation Project.cpp
 
make: Target `all' not remade because of errors.
17:00:11 **** Incremental Build of configuration Debug for project Emulation Project ****
make -k all 
Building file: ../src/CEmulation.cpp
Invoking: GCC C++ Compiler
g++ -O0 -g3 -Wall -c -fmessage-length=0 -MMD -MP -MF"src/CEmulation.d" -MT"src/CEmulation.d" -o "src/CEmulation.o" "../src/CEmulation.cpp"
Finished building: ../src/CEmulation.cpp
 
Building file: ../src/CPhysicalConnection.cpp
Invoking: GCC C++ Compiler
g++ -O0 -g3 -Wall -c -fmessage-length=0 -MMD -MP -MF"src/CPhysicalConnection.d" -MT"src/CPhysicalConnection.d" -o "src/CPhysicalConnection.o" "../src/CPhysicalConnection.cpp"
../src/CPhysicalConnection.cpp: In constructor ‘CPhysicalConnection::CPhysicalConnection(ifaddrs*)’:
../src/CPhysicalConnection.cpp:15:15: error: aggregate ‘CPhysicalConnection::CPhysicalConnection(ifaddrs*)::ifreq ifr’ has incomplete type and cannot be defined
Building file: ../src/CPhysicalConnectionsHandler.cpp
../src/CPhysicalConnection.cpp:21:55: error: ‘CEmulation’ was not declared in this scope
Invoking: GCC C++ Compiler
../src/CPhysicalConnection.cpp:22:28: error: ‘memset’ was not declared in this scope
g++ -O0 -g3 -Wall -c -fmessage-length=0 -MMD -MP -MF"src/CPhysicalConnectionsHandler.d" -MT"src/CPhysicalConnectionsHandler.d" -o "src/CPhysicalConnectionsHandler.o" "../src/CPhysicalConnectionsHandler.cpp"
make: *** [src/CPhysicalConnection.o] Error 1
Finished building: ../src/CPhysicalConnectionsHandler.cpp
 
Building file: ../src/Emulation Project.cpp
Invoking: GCC C++ Compiler
g++ -O0 -g3 -Wall -c -fmessage-length=0 -MMD -MP -MF"src/Emulation Project.d" -MT"src/Emulation\ Project.d" -o "src/Emulation Project.o" "../src/Emulation Project.cpp"
Finished building: ../src/Emulation Project.cpp
 
make: Target `all' not remade because of errors.
17:00:16 **** Incremental Build of configuration Debug for project Emulation Project ****
make -k all 
Building file: ../src/CPhysicalConnection.cpp
Invoking: GCC C++ Compiler
g++ -O0 -g3 -Wall -c -fmessage-length=0 -MMD -MP -MF"src/CPhysicalConnection.d" -MT"src/CPhysicalConnection.d" -o "src/CPhysicalConnection.o" "../src/CPhysicalConnection.cpp"
../src/CPhysicalConnection.cpp: In constructor ‘CPhysicalConnection::CPhysicalConnection(ifaddrs*)’:
../src/CPhysicalConnection.cpp:15:15: error: aggregate ‘CPhysicalConnection::CPhysicalConnection(ifaddrs*)::ifreq ifr’ has incomplete type and cannot be defined
../src/CPhysicalConnection.cpp:21:55: error: ‘CEmulation’ was not declared in this scope
../src/CPhysicalConnection.cpp:22:28: error: ‘memset’ was not declared in this scope
make: *** [src/CPhysicalConnection.o] Error 1
make: Target `all' not remade because of errors.
17:00:58 **** Incremental Build of configuration Debug for project Emulation Project ****
make -k all 
Building file: ../src/CEmulation.cpp
Invoking: GCC C++ Compiler
g++ -O0 -g3 -Wall -c -fmessage-length=0 -MMD -MP -MF"src/CEmulation.d" -MT"src/CEmulation.d" -o "src/CEmulation.o" "../src/CEmulation.cpp"
Finished building: ../src/CEmulation.cpp
 
Building file: ../src/CPhysicalConnection.cpp
Invoking: GCC C++ Compiler
g++ -O0 -g3 -Wall -c -fmessage-length=0 -MMD -MP -MF"src/CPhysicalConnection.d" -MT"src/CPhysicalConnection.d" -o "src/CPhysicalConnection.o" "../src/CPhysicalConnection.cpp"
../src/CPhysicalConnection.cpp: In constructor ‘CPhysicalConnection::CPhysicalConnection(ifaddrs*)’:
Building file: ../src/CPhysicalConnectionsHandler.cpp
Invoking: GCC C++ Compiler
g++ -O0 -g3 -Wall -c -fmessage-length=0 -MMD -MP -MF"src/CPhysicalConnectionsHandler.d" -MT"src/CPhysicalConnectionsHandler.d" -o "src/CPhysicalConnectionsHandler.o" "../src/CPhysicalConnectionsHandler.cpp"
../src/CPhysicalConnection.cpp:21:55: error: ‘CEmulation’ was not declared in this scope
../src/CPhysicalConnection.cpp:22:28: error: ‘memset’ was not declared in this scope
make: *** [src/CPhysicalConnection.o] Error 1
Finished building: ../src/CPhysicalConnectionsHandler.cpp
 
Building file: ../src/Emulation Project.cpp
Invoking: GCC C++ Compiler
g++ -O0 -g3 -Wall -c -fmessage-length=0 -MMD -MP -MF"src/Emulation Project.d" -MT"src/Emulation\ Project.d" -o "src/Emulation Project.o" "../src/Emulation Project.cpp"
Finished building: ../src/Emulation Project.cpp
 
make: Target `all' not remade because of errors.
17:01:21 **** Incremental Build of configuration Debug for project Emulation Project ****
make -k all 
Building file: ../src/CPhysicalConnection.cpp
Invoking: GCC C++ Compiler
g++ -O0 -g3 -Wall -c -fmessage-length=0 -MMD -MP -MF"src/CPhysicalConnection.d" -MT"src/CPhysicalConnection.d" -o "src/CPhysicalConnection.o" "../src/CPhysicalConnection.cpp"
../src/CPhysicalConnection.cpp: In constructor ‘CPhysicalConnection::CPhysicalConnection(ifaddrs*)’:
../src/CPhysicalConnection.cpp:22:28: error: ‘memset’ was not declared in this scope
make: *** [src/CPhysicalConnection.o] Error 1
make: Target `all' not remade because of errors.
17:02:19 **** Incremental Build of configuration Debug for project Emulation Project ****
make -k all 
Building file: ../src/CEmulation.cpp
Invoking: GCC C++ Compiler
g++ -O0 -g3 -Wall -c -fmessage-length=0 -MMD -MP -MF"src/CEmulation.d" -MT"src/CEmulation.d" -o "src/CEmulation.o" "../src/CEmulation.cpp"
Finished building: ../src/CEmulation.cpp
 
Building file: ../src/CPhysicalConnection.cpp
Invoking: GCC C++ Compiler
g++ -O0 -g3 -Wall -c -fmessage-length=0 -MMD -MP -MF"src/CPhysicalConnection.d" -MT"src/CPhysicalConnection.d" -o "src/CPhysicalConnection.o" "../src/CPhysicalConnection.cpp"
../src/CPhysicalConnection.cpp: In constructor ‘CPhysicalConnection::CPhysicalConnection(ifaddrs*)’:
../src/CPhysicalConnection.cpp:22:28: error: ‘memset’ was not declared in this scope
Building file: ../src/CPhysicalConnectionsHandler.cpp
make: *** [src/CPhysicalConnection.o] Error 1
Invoking: GCC C++ Compiler
g++ -O0 -g3 -Wall -c -fmessage-length=0 -MMD -MP -MF"src/CPhysicalConnectionsHandler.d" -MT"src/CPhysicalConnectionsHandler.d" -o "src/CPhysicalConnectionsHandler.o" "../src/CPhysicalConnectionsHandler.cpp"
Finished building: ../src/CPhysicalConnectionsHandler.cpp
 
Building file: ../src/Emulation Project.cpp
Invoking: GCC C++ Compiler
g++ -O0 -g3 -Wall -c -fmessage-length=0 -MMD -MP -MF"src/Emulation Project.d" -MT"src/Emulation\ Project.d" -o "src/Emulation Project.o" "../src/Emulation Project.cpp"
Finished building: ../src/Emulation Project.cpp
make: Target `all' not remade because of errors.
 
17:02:37 **** Incremental Build of configuration Debug for project Emulation Project ****
make -k all 
Building file: ../src/CPhysicalConnection.cpp
Invoking: GCC C++ Compiler
g++ -O0 -g3 -Wall -c -fmessage-length=0 -MMD -MP -MF"src/CPhysicalConnection.d" -MT"src/CPhysicalConnection.d" -o "src/CPhysicalConnection.o" "../src/CPhysicalConnection.cpp"
../src/CPhysicalConnection.cpp: In constructor ‘CPhysicalConnection::CPhysicalConnection(ifaddrs*)’:
../src/CPhysicalConnection.cpp:15:15: warning: unused variable ‘ifr’ [-Wunused-variable]
Finished building: ../src/CPhysicalConnection.cpp
 
Building target: Emulation Project
Invoking: GCC C++ Linker
g++  -o "Emulation Project"  ./src/CEmulation.o ./src/CException.o ./src/CPhysicalConnection.o ./src/CPhysicalConnectionsHandler.o ./src/Emulation\ Project.o   
Finished building target: Emulation Project
 
17:03:11 **** Incremental Build of configuration Debug for project Emulation Project ****
make -k all 
Building file: ../src/CEmulation.cpp
Invoking: GCC C++ Compiler
g++ -O0 -g3 -Wall -c -fmessage-length=0 -MMD -MP -MF"src/CEmulation.d" -MT"src/CEmulation.d" -o "src/CEmulation.o" "../src/CEmulation.cpp"
Finished building: ../src/CEmulation.cpp
 
Building file: ../src/CPhysicalConnection.cpp
Invoking: GCC C++ Compiler
g++ -O0 -g3 -Wall -c -fmessage-length=0 -MMD -MP -MF"src/CPhysicalConnection.d" -MT"src/CPhysicalConnection.d" -o "src/CPhysicalConnection.o" "../src/CPhysicalConnection.cpp"
../src/CPhysicalConnection.cpp: In constructor ‘CPhysicalConnection::CPhysicalConnection(ifaddrs*)’:
../src/CPhysicalConnection.cpp:22:28: error: ‘memset’ was not declared in this scope
Building file: ../src/CPhysicalConnectionsHandler.cpp
Invoking: GCC C++ Compiler
g++ -O0 -g3 -Wall -c -fmessage-length=0 -MMD -MP -MF"src/CPhysicalConnectionsHandler.d" -MT"src/CPhysicalConnectionsHandler.d" -o "src/CPhysicalConnectionsHandler.o" "../src/CPhysicalConnectionsHandler.cpp"
make: *** [src/CPhysicalConnection.o] Error 1
Finished building: ../src/CPhysicalConnectionsHandler.cpp
 
Building file: ../src/Emulation Project.cpp
Invoking: GCC C++ Compiler
g++ -O0 -g3 -Wall -c -fmessage-length=0 -MMD -MP -MF"src/Emulation Project.d" -MT"src/Emulation\ Project.d" -o "src/Emulation Project.o" "../src/Emulation Project.cpp"
Finished building: ../src/Emulation Project.cpp
make: Target `all' not remade because of errors.
 
17:03:18 **** Incremental Build of configuration Debug for project Emulation Project ****
make -k all 
Building file: ../src/CPhysicalConnection.cpp
Invoking: GCC C++ Compiler
g++ -O0 -g3 -Wall -c -fmessage-length=0 -MMD -MP -MF"src/CPhysicalConnection.d" -MT"src/CPhysicalConnection.d" -o "src/CPhysicalConnection.o" "../src/CPhysicalConnection.cpp"
../src/CPhysicalConnection.cpp: In constructor ‘CPhysicalConnection::CPhysicalConnection(ifaddrs*)’:
../src/CPhysicalConnection.cpp:22:28: error: ‘memset’ was not declared in this scope
make: *** [src/CPhysicalConnection.o] Error 1
make: Target `all' not remade because of errors.
17:03:19 **** Incremental Build of configuration Debug for project Emulation Project ****
make -k all 
Building file: ../src/CPhysicalConnection.cpp
Invoking: GCC C++ Compiler
g++ -O0 -g3 -Wall -c -fmessage-length=0 -MMD -MP -MF"src/CPhysicalConnection.d" -MT"src/CPhysicalConnection.d" -o "src/CPhysicalConnection.o" "../src/CPhysicalConnection.cpp"
../src/CPhysicalConnection.cpp: In constructor ‘CPhysicalConnection::CPhysicalConnection(ifaddrs*)’:
../src/CPhysicalConnection.cpp:22:28: error: ‘memset’ was not declared in this scope
make: *** [src/CPhysicalConnection.o] Error 1
make: Target `all' not remade because of errors.
17:03:21 **** Incremental Build of configuration Debug for project Emulation Project ****
make -k all 
Building file: ../src/CPhysicalConnection.cpp
Invoking: GCC C++ Compiler
g++ -O0 -g3 -Wall -c -fmessage-length=0 -MMD -MP -MF"src/CPhysicalConnection.d" -MT"src/CPhysicalConnection.d" -o "src/CPhysicalConnection.o" "../src/CPhysicalConnection.cpp"
../src/CPhysicalConnection.cpp: In constructor ‘CPhysicalConnection::CPhysicalConnection(ifaddrs*)’:
../src/CPhysicalConnection.cpp:22:28: error: ‘memset’ was not declared in this scope
make: *** [src/CPhysicalConnection.o] Error 1
make: Target `all' not remade because of errors.
17:03:34 **** Incremental Build of configuration Debug for project Emulation Project ****
make -k all 
Building file: ../src/CEmulation.cpp
Invoking: GCC C++ Compiler
g++ -O0 -g3 -Wall -c -fmessage-length=0 -MMD -MP -MF"src/CEmulation.d" -MT"src/CEmulation.d" -o "src/CEmulation.o" "../src/CEmulation.cpp"
Finished building: ../src/CEmulation.cpp
 
Building file: ../src/CPhysicalConnection.cpp
Invoking: GCC C++ Compiler
g++ -O0 -g3 -Wall -c -fmessage-length=0 -MMD -MP -MF"src/CPhysicalConnection.d" -MT"src/CPhysicalConnection.d" -o "src/CPhysicalConnection.o" "../src/CPhysicalConnection.cpp"
Finished building: ../src/CPhysicalConnection.cpp
 
Building file: ../src/CPhysicalConnectionsHandler.cpp
Invoking: GCC C++ Compiler
g++ -O0 -g3 -Wall -c -fmessage-length=0 -MMD -MP -MF"src/CPhysicalConnectionsHandler.d" -MT"src/CPhysicalConnectionsHandler.d" -o "src/CPhysicalConnectionsHandler.o" "../src/CPhysicalConnectionsHandler.cpp"
Finished building: ../src/CPhysicalConnectionsHandler.cpp
 
Building file: ../src/Emulation Project.cpp
Invoking: GCC C++ Compiler
g++ -O0 -g3 -Wall -c -fmessage-length=0 -MMD -MP -MF"src/Emulation Project.d" -MT"src/Emulation\ Project.d" -o "src/Emulation Project.o" "../src/Emulation Project.cpp"
Finished building: ../src/Emulation Project.cpp
 
Building target: Emulation Project
Invoking: GCC C++ Linker
g++  -o "Emulation Project"  ./src/CEmulation.o ./src/CException.o ./src/CPhysicalConnection.o ./src/CPhysicalConnectionsHandler.o ./src/Emulation\ Project.o   
Finished building target: Emulation Project
 
17:03:50 **** Incremental Build of configuration Debug for project Emulation Project ****
make -k all 
Building file: ../src/CEmulation.cpp
Invoking: GCC C++ Compiler
g++ -O0 -g3 -Wall -c -fmessage-length=0 -MMD -MP -MF"src/CEmulation.d" -MT"src/CEmulation.d" -o "src/CEmulation.o" "../src/CEmulation.cpp"
Finished building: ../src/CEmulation.cpp
 
Building file: ../src/CPhysicalConnection.cpp
Invoking: GCC C++ Compiler
g++ -O0 -g3 -Wall -c -fmessage-length=0 -MMD -MP -MF"src/CPhysicalConnection.d" -MT"src/CPhysicalConnection.d" -o "src/CPhysicalConnection.o" "../src/CPhysicalConnection.cpp"
Finished building: ../src/CPhysicalConnection.cpp
 
Building file: ../src/CPhysicalConnectionsHandler.cpp
Invoking: GCC C++ Compiler
g++ -O0 -g3 -Wall -c -fmessage-length=0 -MMD -MP -MF"src/CPhysicalConnectionsHandler.d" -MT"src/CPhysicalConnectionsHandler.d" -o "src/CPhysicalConnectionsHandler.o" "../src/CPhysicalConnectionsHandler.cpp"
Finished building: ../src/CPhysicalConnectionsHandler.cpp
 
Building file: ../src/Emulation Project.cpp
Invoking: GCC C++ Compiler
g++ -O0 -g3 -Wall -c -fmessage-length=0 -MMD -MP -MF"src/Emulation Project.d" -MT"src/Emulation\ Project.d" -o "src/Emulation Project.o" "../src/Emulation Project.cpp"
Finished building: ../src/Emulation Project.cpp
 
Building target: Emulation Project
Invoking: GCC C++ Linker
g++  -o "Emulation Project"  ./src/CEmulation.o ./src/CException.o ./src/CPhysicalConnection.o ./src/CPhysicalConnectionsHandler.o ./src/Emulation\ Project.o   
Finished building target: Emulation Project
 
17:03:53 **** Incremental Build of configuration Debug for project Emulation Project ****
make -k all 
make: Nothing to be done for `all'.
17:03:55 **** Incremental Build of configuration Debug for project Emulation Project ****
make -k all 
Building file: ../src/CPhysicalConnection.cpp
Invoking: GCC C++ Compiler
g++ -O0 -g3 -Wall -c -fmessage-length=0 -MMD -MP -MF"src/CPhysicalConnection.d" -MT"src/CPhysicalConnection.d" -o "src/CPhysicalConnection.o" "../src/CPhysicalConnection.cpp"
Finished building: ../src/CPhysicalConnection.cpp
 
Building target: Emulation Project
Invoking: GCC C++ Linker
g++  -o "Emulation Project"  ./src/CEmulation.o ./src/CException.o ./src/CPhysicalConnection.o ./src/CPhysicalConnectionsHandler.o ./src/Emulation\ Project.o   
Finished building target: Emulation Project
 
17:49:13 **** Incremental Build of configuration Debug for project Emulation Project ****
make -k all 
Building file: ../src/CPhysicalConnection.cpp
Invoking: GCC C++ Compiler
g++ -O0 -g3 -Wall -c -fmessage-length=0 -MMD -MP -MF"src/CPhysicalConnection.d" -MT"src/CPhysicalConnection.d" -o "src/CPhysicalConnection.o" "../src/CPhysicalConnection.cpp"
../src/CPhysicalConnection.cpp: In constructor ‘CPhysicalConnection::CPhysicalConnection(ifaddrs*)’:
../src/CPhysicalConnection.cpp:39:48: error: invalid conversion from ‘unsigned int’ to ‘socklen_t* {aka unsigned int*}’ [-fpermissive]
In file included from /usr/include/netinet/in.h:25:0,
                 from /usr/include/netdb.h:28,
                 from ../src/BasicIncludes.h:20,
                 from ../src/CPhysicalConnection.h:10,
                 from ../src/CPhysicalConnection.cpp:8:
/usr/include/i386-linux-gnu/sys/socket.h:166:16: error:   initializing argument 6 of ‘ssize_t recvfrom(int, void*, size_t, int, sockaddr*, socklen_t*)’ [-fpermissive]
make: *** [src/CPhysicalConnection.o] Error 1
make: Target `all' not remade because of errors.
17:51:24 **** Incremental Build of configuration Debug for project Emulation Project ****
make -k all 
Building file: ../src/CEmulation.cpp
Invoking: GCC C++ Compiler
g++ -O0 -g3 -Wall -c -fmessage-length=0 -MMD -MP -MF"src/CEmulation.d" -MT"src/CEmulation.d" -o "src/CEmulation.o" "../src/CEmulation.cpp"
Finished building: ../src/CEmulation.cpp
 
Building file: ../src/CPhysicalConnection.cpp
Invoking: GCC C++ Compiler
g++ -O0 -g3 -Wall -c -fmessage-length=0 -MMD -MP -MF"src/CPhysicalConnection.d" -MT"src/CPhysicalConnection.d" -o "src/CPhysicalConnection.o" "../src/CPhysicalConnection.cpp"
../src/CPhysicalConnection.cpp: In constructor ‘CPhysicalConnection::CPhysicalConnection(ifaddrs*)’:
Building file: ../src/CPhysicalConnectionsHandler.cpp
../src/CPhysicalConnection.cpp:39:48: error: invalid conversion from ‘unsigned int’ to ‘socklen_t* {aka unsigned int*}’ [-fpermissive]
In file included from /usr/include/netinet/in.h:25:0,
                 from /usr/include/netdb.h:28,
Invoking: GCC C++ Compiler
g++ -O0 -g3 -Wall -c -fmessage-length=0 -MMD -MP -MF"src/CPhysicalConnectionsHandler.d" -MT"src/CPhysicalConnectionsHandler.d" -o "src/CPhysicalConnectionsHandler.o" "../src/CPhysicalConnectionsHandler.cpp"
                 from ../src/BasicIncludes.h:20,
                 from ../src/CPhysicalConnection.h:10,
                 from ../src/CPhysicalConnection.cpp:8:
/usr/include/i386-linux-gnu/sys/socket.h:166:16: error:   initializing argument 6 of ‘ssize_t recvfrom(int, void*, size_t, int, sockaddr*, socklen_t*)’ [-fpermissive]
make: *** [src/CPhysicalConnection.o] Error 1
Finished building: ../src/CPhysicalConnectionsHandler.cpp
 
Building file: ../src/Emulation Project.cpp
Invoking: GCC C++ Compiler
g++ -O0 -g3 -Wall -c -fmessage-length=0 -MMD -MP -MF"src/Emulation Project.d" -MT"src/Emulation\ Project.d" -o "src/Emulation Project.o" "../src/Emulation Project.cpp"
Finished building: ../src/Emulation Project.cpp
 
make: Target `all' not remade because of errors.
17:51:27 **** Incremental Build of configuration Debug for project Emulation Project ****
make -k all 
Building file: ../src/CPhysicalConnection.cpp
Invoking: GCC C++ Compiler
g++ -O0 -g3 -Wall -c -fmessage-length=0 -MMD -MP -MF"src/CPhysicalConnection.d" -MT"src/CPhysicalConnection.d" -o "src/CPhysicalConnection.o" "../src/CPhysicalConnection.cpp"
../src/CPhysicalConnection.cpp: In constructor ‘CPhysicalConnection::CPhysicalConnection(ifaddrs*)’:
../src/CPhysicalConnection.cpp:39:48: error: invalid conversion from ‘unsigned int’ to ‘socklen_t* {aka unsigned int*}’ [-fpermissive]
In file included from /usr/include/netinet/in.h:25:0,
                 from /usr/include/netdb.h:28,
                 from ../src/BasicIncludes.h:20,
                 from ../src/CPhysicalConnection.h:10,
                 from ../src/CPhysicalConnection.cpp:8:
/usr/include/i386-linux-gnu/sys/socket.h:166:16: error:   initializing argument 6 of ‘ssize_t recvfrom(int, void*, size_t, int, sockaddr*, socklen_t*)’ [-fpermissive]
make: *** [src/CPhysicalConnection.o] Error 1
make: Target `all' not remade because of errors.
17:52:31 **** Incremental Build of configuration Debug for project Emulation Project ****
make -k all 
Building file: ../src/CPhysicalConnection.cpp
Invoking: GCC C++ Compiler
g++ -O0 -g3 -Wall -c -fmessage-length=0 -MMD -MP -MF"src/CPhysicalConnection.d" -MT"src/CPhysicalConnection.d" -o "src/CPhysicalConnection.o" "../src/CPhysicalConnection.cpp"
../src/CPhysicalConnection.cpp: In constructor ‘CPhysicalConnection::CPhysicalConnection(ifaddrs*)’:
../src/CPhysicalConnection.cpp:39:48: error: lvalue required as unary ‘&’ operand
make: *** [src/CPhysicalConnection.o] Error 1
make: Target `all' not remade because of errors.
17:53:36 **** Incremental Build of configuration Debug for project Emulation Project ****
make -k all 
Building file: ../src/CPhysicalConnection.cpp
Invoking: GCC C++ Compiler
g++ -O0 -g3 -Wall -c -fmessage-length=0 -MMD -MP -MF"src/CPhysicalConnection.d" -MT"src/CPhysicalConnection.d" -o "src/CPhysicalConnection.o" "../src/CPhysicalConnection.cpp"
../src/CPhysicalConnection.cpp: In constructor ‘CPhysicalConnection::CPhysicalConnection(ifaddrs*)’:
../src/CPhysicalConnection.cpp:39:59: error: invalid conversion from ‘unsigned int’ to ‘socklen_t* {aka unsigned int*}’ [-fpermissive]
In file included from /usr/include/netinet/in.h:25:0,
                 from /usr/include/netdb.h:28,
                 from ../src/BasicIncludes.h:20,
                 from ../src/CPhysicalConnection.h:10,
                 from ../src/CPhysicalConnection.cpp:8:
/usr/include/i386-linux-gnu/sys/socket.h:166:16: error:   initializing argument 6 of ‘ssize_t recvfrom(int, void*, size_t, int, sockaddr*, socklen_t*)’ [-fpermissive]
make: *** [src/CPhysicalConnection.o] Error 1
make: Target `all' not remade because of errors.
17:55:18 **** Incremental Build of configuration Debug for project Emulation Project ****
make -k all 
Building file: ../src/CPhysicalConnection.cpp
Invoking: GCC C++ Compiler
g++ -O0 -g3 -Wall -c -fmessage-length=0 -MMD -MP -MF"src/CPhysicalConnection.d" -MT"src/CPhysicalConnection.d" -o "src/CPhysicalConnection.o" "../src/CPhysicalConnection.cpp"
../src/CPhysicalConnection.cpp: In constructor ‘CPhysicalConnection::CPhysicalConnection(ifaddrs*)’:
../src/CPhysicalConnection.cpp:16:18: warning: unused variable ‘sa’ [-Wunused-variable]
Finished building: ../src/CPhysicalConnection.cpp
 
Building target: Emulation Project
Invoking: GCC C++ Linker
g++  -o "Emulation Project"  ./src/CEmulation.o ./src/CException.o ./src/CPhysicalConnection.o ./src/CPhysicalConnectionsHandler.o ./src/Emulation\ Project.o   
Finished building target: Emulation Project
 
17:57:02 **** Incremental Build of configuration Debug for project Emulation Project ****
make -k all 
Building file: ../src/CPhysicalConnection.cpp
Invoking: GCC C++ Compiler
g++ -O0 -g3 -Wall -c -fmessage-length=0 -MMD -MP -MF"src/CPhysicalConnection.d" -MT"src/CPhysicalConnection.d" -o "src/CPhysicalConnection.o" "../src/CPhysicalConnection.cpp"
../src/CPhysicalConnection.cpp: In constructor ‘CPhysicalConnection::CPhysicalConnection(ifaddrs*)’:
../src/CPhysicalConnection.cpp:40:21: warning: format ‘%X’ expects argument of type ‘unsigned int’, but argument 2 has type ‘char*’ [-Wformat]
Finished building: ../src/CPhysicalConnection.cpp
 
Building target: Emulation Project
Invoking: GCC C++ Linker
g++  -o "Emulation Project"  ./src/CEmulation.o ./src/CException.o ./src/CPhysicalConnection.o ./src/CPhysicalConnectionsHandler.o ./src/Emulation\ Project.o   
Finished building target: Emulation Project
 
17:57:15 **** Incremental Build of configuration Debug for project Emulation Project ****
make -k all 
Building file: ../src/CPhysicalConnection.cpp
Invoking: GCC C++ Compiler
g++ -O0 -g3 -Wall -c -fmessage-length=0 -MMD -MP -MF"src/CPhysicalConnection.d" -MT"src/CPhysicalConnection.d" -o "src/CPhysicalConnection.o" "../src/CPhysicalConnection.cpp"
../src/CPhysicalConnection.cpp: In constructor ‘CPhysicalConnection::CPhysicalConnection(ifaddrs*)’:
../src/CPhysicalConnection.cpp:40:21: warning: format ‘%X’ expects argument of type ‘unsigned int’, but argument 2 has type ‘char*’ [-Wformat]
Finished building: ../src/CPhysicalConnection.cpp
 
Building target: Emulation Project
Invoking: GCC C++ Linker
g++  -o "Emulation Project"  ./src/CEmulation.o ./src/CException.o ./src/CPhysicalConnection.o ./src/CPhysicalConnectionsHandler.o ./src/Emulation\ Project.o   
Finished building target: Emulation Project
 
17:58:22 **** Incremental Build of configuration Debug for project Emulation Project ****
make -k all 
Building file: ../src/CPhysicalConnection.cpp
Invoking: GCC C++ Compiler
g++ -O0 -g3 -Wall -c -fmessage-length=0 -MMD -MP -MF"src/CPhysicalConnection.d" -MT"src/CPhysicalConnection.d" -o "src/CPhysicalConnection.o" "../src/CPhysicalConnection.cpp"
Finished building: ../src/CPhysicalConnection.cpp
 
Building target: Emulation Project
Invoking: GCC C++ Linker
g++  -o "Emulation Project"  ./src/CEmulation.o ./src/CException.o ./src/CPhysicalConnection.o ./src/CPhysicalConnectionsHandler.o ./src/Emulation\ Project.o   
Finished building target: Emulation Project
 
17:59:20 **** Incremental Build of configuration Debug for project Emulation Project ****
make -k all 
Building file: ../src/CPhysicalConnection.cpp
Invoking: GCC C++ Compiler
g++ -O0 -g3 -Wall -c -fmessage-length=0 -MMD -MP -MF"src/CPhysicalConnection.d" -MT"src/CPhysicalConnection.d" -o "src/CPhysicalConnection.o" "../src/CPhysicalConnection.cpp"
Finished building: ../src/CPhysicalConnection.cpp
 
Building target: Emulation Project
Invoking: GCC C++ Linker
g++  -o "Emulation Project"  ./src/CEmulation.o ./src/CException.o ./src/CPhysicalConnection.o ./src/CPhysicalConnectionsHandler.o ./src/Emulation\ Project.o   
Finished building target: Emulation Project
 
18:00:22 **** Incremental Build of configuration Debug for project Emulation Project ****
make -k all 
make: Nothing to be done for `all'.
18:01:13 **** Incremental Build of configuration Debug for project Emulation Project ****
make -k all 
make: Nothing to be done for `all'.
18:05:28 **** Incremental Build of configuration Debug for project Emulation Project ****
make -k all 
Building file: ../src/CPhysicalConnection.cpp
Invoking: GCC C++ Compiler
g++ -O0 -g3 -Wall -c -fmessage-length=0 -MMD -MP -MF"src/CPhysicalConnection.d" -MT"src/CPhysicalConnection.d" -o "src/CPhysicalConnection.o" "../src/CPhysicalConnection.cpp"
Finished building: ../src/CPhysicalConnection.cpp
 
Building target: Emulation Project
Invoking: GCC C++ Linker
g++  -o "Emulation Project"  ./src/CEmulation.o ./src/CException.o ./src/CPhysicalConnection.o ./src/CPhysicalConnectionsHandler.o ./src/Emulation\ Project.o   
Finished building target: Emulation Project
 
18:05:36 **** Incremental Build of configuration Debug for project Emulation Project ****
make -k all 
make: Nothing to be done for `all'.
18:05:37 **** Incremental Build of configuration Debug for project Emulation Project ****
make -k all 
make: Nothing to be done for `all'.
18:08:17 **** Incremental Build of configuration Debug for project Emulation Project ****
make -k all 
Building file: ../src/CPhysicalConnectionsHandler.cpp
Invoking: GCC C++ Compiler
g++ -O0 -g3 -Wall -c -fmessage-length=0 -MMD -MP -MF"src/CPhysicalConnectionsHandler.d" -MT"src/CPhysicalConnectionsHandler.d" -o "src/CPhysicalConnectionsHandler.o" "../src/CPhysicalConnectionsHandler.cpp"
../src/CPhysicalConnectionsHandler.cpp: In member function ‘void CPhysicalConnectionsHandler::CreatePhyiscalConnections()’:
../src/CPhysicalConnectionsHandler.cpp:146:31: error: ‘node->ifaddrs::ifa_name’ cannot be used as a function
make: *** [src/CPhysicalConnectionsHandler.o] Error 1
make: Target `all' not remade because of errors.
18:08:31 **** Incremental Build of configuration Debug for project Emulation Project ****
make -k all 
Building file: ../src/CPhysicalConnectionsHandler.cpp
Invoking: GCC C++ Compiler
g++ -O0 -g3 -Wall -c -fmessage-length=0 -MMD -MP -MF"src/CPhysicalConnectionsHandler.d" -MT"src/CPhysicalConnectionsHandler.d" -o "src/CPhysicalConnectionsHandler.o" "../src/CPhysicalConnectionsHandler.cpp"
Finished building: ../src/CPhysicalConnectionsHandler.cpp
 
Building target: Emulation Project
Invoking: GCC C++ Linker
g++  -o "Emulation Project"  ./src/CEmulation.o ./src/CException.o ./src/CPhysicalConnection.o ./src/CPhysicalConnectionsHandler.o ./src/Emulation\ Project.o   
Finished building target: Emulation Project
 
18:08:40 **** Incremental Build of configuration Debug for project Emulation Project ****
make -k all 
make: Nothing to be done for `all'.
18:14:06 **** Incremental Build of configuration Debug for project Emulation Project ****
make -k all 
Building file: ../src/CPhysicalConnection.cpp
Invoking: GCC C++ Compiler
g++ -O0 -g3 -Wall -c -fmessage-length=0 -MMD -MP -MF"src/CPhysicalConnection.d" -MT"src/CPhysicalConnection.d" -o "src/CPhysicalConnection.o" "../src/CPhysicalConnection.cpp"
Finished building: ../src/CPhysicalConnection.cpp
 
Building target: Emulation Project
Invoking: GCC C++ Linker
g++  -o "Emulation Project"  ./src/CEmulation.o ./src/CException.o ./src/CPhysicalConnection.o ./src/CPhysicalConnectionsHandler.o ./src/Emulation\ Project.o   
Finished building target: Emulation Project
 
